{"/home/gavin/PerfectPlan/backend/controllers/authcontroller.js": {"path":"/home/gavin/PerfectPlan/backend/controllers/authcontroller.js","statementMap":{"0":{"start":{"line":3,"column":2},"end":{"line":26,"column":4}},"1":{"start":{"line":5,"column":37},"end":{"line":5,"column":45}},"2":{"start":{"line":6,"column":6},"end":{"line":12,"column":7}},"3":{"start":{"line":7,"column":23},"end":{"line":7,"column":67}},"4":{"start":{"line":8,"column":8},"end":{"line":8,"column":25}},"5":{"start":{"line":10,"column":8},"end":{"line":10,"column":27}},"6":{"start":{"line":11,"column":8},"end":{"line":11,"column":74}},"7":{"start":{"line":16,"column":6},"end":{"line":16,"column":51}},"8":{"start":{"line":17,"column":37},"end":{"line":17,"column":45}},"9":{"start":{"line":18,"column":6},"end":{"line":24,"column":7}},"10":{"start":{"line":19,"column":23},"end":{"line":19,"column":66}},"11":{"start":{"line":20,"column":8},"end":{"line":20,"column":25}},"12":{"start":{"line":22,"column":8},"end":{"line":22,"column":27}},"13":{"start":{"line":23,"column":8},"end":{"line":23,"column":73}},"14":{"start":{"line":29,"column":0},"end":{"line":29,"column":32}}},"fnMap":{"0":{"name":"authController","decl":{"start":{"line":2,"column":9},"end":{"line":2,"column":23}},"loc":{"start":{"line":2,"column":37},"end":{"line":27,"column":1}},"line":2},"1":{"name":"(anonymous_1)","decl":{"start":{"line":4,"column":12},"end":{"line":4,"column":13}},"loc":{"start":{"line":4,"column":32},"end":{"line":13,"column":5}},"line":4},"2":{"name":"(anonymous_2)","decl":{"start":{"line":15,"column":11},"end":{"line":15,"column":12}},"loc":{"start":{"line":15,"column":31},"end":{"line":25,"column":5}},"line":15}},"branchMap":{"0":{"loc":{"start":{"line":11,"column":40},"end":{"line":11,"column":70}},"type":"binary-expr","locations":[{"start":{"line":11,"column":40},"end":{"line":11,"column":51}},{"start":{"line":11,"column":55},"end":{"line":11,"column":70}}],"line":11},"1":{"loc":{"start":{"line":23,"column":40},"end":{"line":23,"column":69}},"type":"binary-expr","locations":[{"start":{"line":23,"column":40},"end":{"line":23,"column":51}},{"start":{"line":23,"column":55},"end":{"line":23,"column":69}}],"line":23}},"s":{"0":2,"1":1,"2":1,"3":1,"4":1,"5":0,"6":0,"7":1,"8":1,"9":1,"10":1,"11":1,"12":0,"13":0,"14":2},"f":{"0":2,"1":1,"2":1},"b":{"0":[0,0],"1":[0,0]},"_coverageSchema":"1a1c01bbd47fc00a2c39e90264f33305004495a9","hash":"c13913802aa84d47c39b4e6a926c044f24dd953e"}
,"/home/gavin/PerfectPlan/backend/controllers/eventcontroller.js": {"path":"/home/gavin/PerfectPlan/backend/controllers/eventcontroller.js","statementMap":{"0":{"start":{"line":2,"column":0},"end":{"line":59,"column":3}},"1":{"start":{"line":2,"column":36},"end":{"line":59,"column":1}},"2":{"start":{"line":4,"column":4},"end":{"line":27,"column":5}},"3":{"start":{"line":12,"column":10},"end":{"line":12,"column":18}},"4":{"start":{"line":14,"column":20},"end":{"line":21,"column":8}},"5":{"start":{"line":23,"column":6},"end":{"line":23,"column":22}},"6":{"start":{"line":25,"column":6},"end":{"line":25,"column":48}},"7":{"start":{"line":26,"column":6},"end":{"line":26,"column":71}},"8":{"start":{"line":31,"column":4},"end":{"line":37,"column":5}},"9":{"start":{"line":32,"column":21},"end":{"line":32,"column":74}},"10":{"start":{"line":33,"column":6},"end":{"line":33,"column":23}},"11":{"start":{"line":35,"column":6},"end":{"line":35,"column":48}},"12":{"start":{"line":36,"column":6},"end":{"line":36,"column":65}},"13":{"start":{"line":41,"column":4},"end":{"line":47,"column":5}},"14":{"start":{"line":42,"column":21},"end":{"line":42,"column":72}},"15":{"start":{"line":43,"column":6},"end":{"line":43,"column":23}},"16":{"start":{"line":45,"column":6},"end":{"line":45,"column":56}},"17":{"start":{"line":46,"column":6},"end":{"line":46,"column":73}},"18":{"start":{"line":51,"column":4},"end":{"line":57,"column":5}},"19":{"start":{"line":52,"column":21},"end":{"line":52,"column":66}},"20":{"start":{"line":53,"column":6},"end":{"line":53,"column":23}},"21":{"start":{"line":55,"column":6},"end":{"line":55,"column":48}},"22":{"start":{"line":56,"column":6},"end":{"line":56,"column":64}}},"fnMap":{"0":{"name":"(anonymous_0)","decl":{"start":{"line":2,"column":17},"end":{"line":2,"column":18}},"loc":{"start":{"line":2,"column":36},"end":{"line":59,"column":1}},"line":2},"1":{"name":"(anonymous_1)","decl":{"start":{"line":3,"column":15},"end":{"line":3,"column":16}},"loc":{"start":{"line":3,"column":35},"end":{"line":28,"column":3}},"line":3},"2":{"name":"(anonymous_2)","decl":{"start":{"line":30,"column":18},"end":{"line":30,"column":19}},"loc":{"start":{"line":30,"column":38},"end":{"line":38,"column":3}},"line":30},"3":{"name":"(anonymous_3)","decl":{"start":{"line":40,"column":17},"end":{"line":40,"column":18}},"loc":{"start":{"line":40,"column":37},"end":{"line":48,"column":3}},"line":40},"4":{"name":"(anonymous_4)","decl":{"start":{"line":50,"column":15},"end":{"line":50,"column":16}},"loc":{"start":{"line":50,"column":35},"end":{"line":58,"column":3}},"line":50}},"branchMap":{"0":{"loc":{"start":{"line":26,"column":17},"end":{"line":26,"column":38}},"type":"binary-expr","locations":[{"start":{"line":26,"column":17},"end":{"line":26,"column":31}},{"start":{"line":26,"column":35},"end":{"line":26,"column":38}}],"line":26}},"s":{"0":2,"1":2,"2":1,"3":1,"4":1,"5":0,"6":1,"7":1,"8":0,"9":0,"10":0,"11":0,"12":0,"13":0,"14":0,"15":0,"16":0,"17":0,"18":0,"19":0,"20":0,"21":0,"22":0},"f":{"0":2,"1":1,"2":0,"3":0,"4":0},"b":{"0":[1,0]},"_coverageSchema":"1a1c01bbd47fc00a2c39e90264f33305004495a9","hash":"683adbb9594044fc3b5a3bf7d5df5e8d3135471f"}
,"/home/gavin/PerfectPlan/backend/controllers/groupcontroller.js": {"path":"/home/gavin/PerfectPlan/backend/controllers/groupcontroller.js","statementMap":{"0":{"start":{"line":3,"column":2},"end":{"line":47,"column":4}},"1":{"start":{"line":5,"column":31},"end":{"line":5,"column":39}},"2":{"start":{"line":6,"column":6},"end":{"line":12,"column":7}},"3":{"start":{"line":7,"column":22},"end":{"line":7,"column":66}},"4":{"start":{"line":8,"column":8},"end":{"line":8,"column":24}},"5":{"start":{"line":10,"column":8},"end":{"line":10,"column":27}},"6":{"start":{"line":11,"column":8},"end":{"line":11,"column":83}},"7":{"start":{"line":16,"column":31},"end":{"line":16,"column":39}},"8":{"start":{"line":17,"column":6},"end":{"line":23,"column":7}},"9":{"start":{"line":18,"column":22},"end":{"line":18,"column":64}},"10":{"start":{"line":19,"column":8},"end":{"line":19,"column":66}},"11":{"start":{"line":21,"column":8},"end":{"line":21,"column":27}},"12":{"start":{"line":22,"column":8},"end":{"line":22,"column":81}},"13":{"start":{"line":27,"column":34},"end":{"line":27,"column":42}},"14":{"start":{"line":28,"column":6},"end":{"line":34,"column":7}},"15":{"start":{"line":29,"column":23},"end":{"line":29,"column":69}},"16":{"start":{"line":30,"column":8},"end":{"line":30,"column":25}},"17":{"start":{"line":32,"column":8},"end":{"line":32,"column":49}},"18":{"start":{"line":33,"column":8},"end":{"line":33,"column":80}},"19":{"start":{"line":38,"column":21},"end":{"line":38,"column":34}},"20":{"start":{"line":39,"column":6},"end":{"line":45,"column":7}},"21":{"start":{"line":40,"column":23},"end":{"line":40,"column":63}},"22":{"start":{"line":41,"column":8},"end":{"line":41,"column":25}},"23":{"start":{"line":43,"column":8},"end":{"line":43,"column":48}},"24":{"start":{"line":44,"column":8},"end":{"line":44,"column":72}},"25":{"start":{"line":50,"column":0},"end":{"line":50,"column":33}}},"fnMap":{"0":{"name":"groupController","decl":{"start":{"line":2,"column":9},"end":{"line":2,"column":24}},"loc":{"start":{"line":2,"column":39},"end":{"line":48,"column":1}},"line":2},"1":{"name":"(anonymous_1)","decl":{"start":{"line":4,"column":17},"end":{"line":4,"column":18}},"loc":{"start":{"line":4,"column":37},"end":{"line":13,"column":5}},"line":4},"2":{"name":"(anonymous_2)","decl":{"start":{"line":15,"column":15},"end":{"line":15,"column":16}},"loc":{"start":{"line":15,"column":35},"end":{"line":24,"column":5}},"line":15},"3":{"name":"(anonymous_3)","decl":{"start":{"line":26,"column":16},"end":{"line":26,"column":17}},"loc":{"start":{"line":26,"column":36},"end":{"line":35,"column":5}},"line":26},"4":{"name":"(anonymous_4)","decl":{"start":{"line":37,"column":19},"end":{"line":37,"column":20}},"loc":{"start":{"line":37,"column":39},"end":{"line":46,"column":5}},"line":37}},"branchMap":{"0":{"loc":{"start":{"line":11,"column":40},"end":{"line":11,"column":79}},"type":"binary-expr","locations":[{"start":{"line":11,"column":40},"end":{"line":11,"column":51}},{"start":{"line":11,"column":55},"end":{"line":11,"column":79}}],"line":11},"1":{"loc":{"start":{"line":22,"column":40},"end":{"line":22,"column":77}},"type":"binary-expr","locations":[{"start":{"line":22,"column":40},"end":{"line":22,"column":51}},{"start":{"line":22,"column":55},"end":{"line":22,"column":77}}],"line":22},"2":{"loc":{"start":{"line":33,"column":40},"end":{"line":33,"column":76}},"type":"binary-expr","locations":[{"start":{"line":33,"column":40},"end":{"line":33,"column":51}},{"start":{"line":33,"column":55},"end":{"line":33,"column":76}}],"line":33}},"s":{"0":2,"1":0,"2":0,"3":0,"4":0,"5":0,"6":0,"7":0,"8":0,"9":0,"10":0,"11":0,"12":0,"13":0,"14":0,"15":0,"16":0,"17":0,"18":0,"19":0,"20":0,"21":0,"22":0,"23":0,"24":0,"25":2},"f":{"0":2,"1":0,"2":0,"3":0,"4":0},"b":{"0":[0,0],"1":[0,0],"2":[0,0]},"_coverageSchema":"1a1c01bbd47fc00a2c39e90264f33305004495a9","hash":"0186980e4210b8189c498988c35af5801343f054"}
,"/home/gavin/PerfectPlan/backend/controllers/pollcontroller.js": {"path":"/home/gavin/PerfectPlan/backend/controllers/pollcontroller.js","statementMap":{"0":{"start":{"line":1,"column":13},"end":{"line":1,"column":38}},"1":{"start":{"line":3,"column":0},"end":{"line":45,"column":3}},"2":{"start":{"line":3,"column":35},"end":{"line":45,"column":1}},"3":{"start":{"line":5,"column":4},"end":{"line":11,"column":5}},"4":{"start":{"line":6,"column":19},"end":{"line":6,"column":57}},"5":{"start":{"line":7,"column":6},"end":{"line":7,"column":21}},"6":{"start":{"line":9,"column":6},"end":{"line":9,"column":25}},"7":{"start":{"line":10,"column":6},"end":{"line":10,"column":53}},"8":{"start":{"line":15,"column":4},"end":{"line":21,"column":5}},"9":{"start":{"line":16,"column":19},"end":{"line":16,"column":51}},"10":{"start":{"line":17,"column":6},"end":{"line":17,"column":21}},"11":{"start":{"line":19,"column":6},"end":{"line":19,"column":25}},"12":{"start":{"line":20,"column":6},"end":{"line":20,"column":53}},"13":{"start":{"line":25,"column":4},"end":{"line":31,"column":5}},"14":{"start":{"line":26,"column":20},"end":{"line":26,"column":71}},"15":{"start":{"line":27,"column":6},"end":{"line":27,"column":22}},"16":{"start":{"line":29,"column":6},"end":{"line":29,"column":25}},"17":{"start":{"line":30,"column":6},"end":{"line":30,"column":53}},"18":{"start":{"line":35,"column":4},"end":{"line":41,"column":5}},"19":{"start":{"line":36,"column":33},"end":{"line":36,"column":41}},"20":{"start":{"line":37,"column":21},"end":{"line":37,"column":65}},"21":{"start":{"line":38,"column":6},"end":{"line":38,"column":23}},"22":{"start":{"line":40,"column":6},"end":{"line":40,"column":53}}},"fnMap":{"0":{"name":"(anonymous_0)","decl":{"start":{"line":3,"column":17},"end":{"line":3,"column":18}},"loc":{"start":{"line":3,"column":35},"end":{"line":45,"column":1}},"line":3},"1":{"name":"(anonymous_1)","decl":{"start":{"line":4,"column":14},"end":{"line":4,"column":15}},"loc":{"start":{"line":4,"column":34},"end":{"line":12,"column":3}},"line":4},"2":{"name":"(anonymous_2)","decl":{"start":{"line":14,"column":8},"end":{"line":14,"column":9}},"loc":{"start":{"line":14,"column":28},"end":{"line":22,"column":3}},"line":14},"3":{"name":"(anonymous_3)","decl":{"start":{"line":24,"column":17},"end":{"line":24,"column":18}},"loc":{"start":{"line":24,"column":37},"end":{"line":32,"column":3}},"line":24},"4":{"name":"(anonymous_4)","decl":{"start":{"line":34,"column":14},"end":{"line":34,"column":15}},"loc":{"start":{"line":34,"column":34},"end":{"line":42,"column":3}},"line":34}},"branchMap":{},"s":{"0":2,"1":2,"2":2,"3":0,"4":0,"5":0,"6":0,"7":0,"8":0,"9":0,"10":0,"11":0,"12":0,"13":0,"14":0,"15":0,"16":0,"17":0,"18":0,"19":0,"20":0,"21":0,"22":0},"f":{"0":2,"1":0,"2":0,"3":0,"4":0},"b":{},"_coverageSchema":"1a1c01bbd47fc00a2c39e90264f33305004495a9","hash":"a086444b9f2b5c1f766a4ae2a7fa9f3c44598abd"}
,"/home/gavin/PerfectPlan/backend/routes/authroutes.js": {"path":"/home/gavin/PerfectPlan/backend/routes/authroutes.js","statementMap":{"0":{"start":{"line":2,"column":16},"end":{"line":2,"column":34}},"1":{"start":{"line":4,"column":0},"end":{"line":11,"column":2}},"2":{"start":{"line":5,"column":17},"end":{"line":5,"column":33}},"3":{"start":{"line":7,"column":2},"end":{"line":7,"column":42}},"4":{"start":{"line":8,"column":2},"end":{"line":8,"column":40}},"5":{"start":{"line":10,"column":2},"end":{"line":10,"column":16}}},"fnMap":{"0":{"name":"(anonymous_0)","decl":{"start":{"line":4,"column":17},"end":{"line":4,"column":18}},"loc":{"start":{"line":4,"column":36},"end":{"line":11,"column":1}},"line":4}},"branchMap":{},"s":{"0":2,"1":2,"2":2,"3":2,"4":2,"5":2},"f":{"0":2},"b":{},"_coverageSchema":"1a1c01bbd47fc00a2c39e90264f33305004495a9","hash":"930536f9fea8c0eb05552f3aee12f6dc8b8e362e"}
,"/home/gavin/PerfectPlan/backend/routes/eventroutes.js": {"path":"/home/gavin/PerfectPlan/backend/routes/eventroutes.js","statementMap":{"0":{"start":{"line":2,"column":16},"end":{"line":2,"column":34}},"1":{"start":{"line":4,"column":0},"end":{"line":13,"column":2}},"2":{"start":{"line":5,"column":17},"end":{"line":5,"column":33}},"3":{"start":{"line":7,"column":2},"end":{"line":7,"column":42}},"4":{"start":{"line":8,"column":2},"end":{"line":8,"column":58}},"5":{"start":{"line":9,"column":2},"end":{"line":9,"column":55}},"6":{"start":{"line":10,"column":2},"end":{"line":10,"column":47}},"7":{"start":{"line":12,"column":2},"end":{"line":12,"column":16}}},"fnMap":{"0":{"name":"(anonymous_0)","decl":{"start":{"line":4,"column":17},"end":{"line":4,"column":18}},"loc":{"start":{"line":4,"column":32},"end":{"line":13,"column":1}},"line":4}},"branchMap":{},"s":{"0":2,"1":2,"2":2,"3":2,"4":2,"5":2,"6":2,"7":2},"f":{"0":2},"b":{},"_coverageSchema":"1a1c01bbd47fc00a2c39e90264f33305004495a9","hash":"a0f161e798d546d11b8f1bdba27373d6c795ea1d"}
,"/home/gavin/PerfectPlan/backend/routes/grouproutes.js": {"path":"/home/gavin/PerfectPlan/backend/routes/grouproutes.js","statementMap":{"0":{"start":{"line":2,"column":16},"end":{"line":2,"column":34}},"1":{"start":{"line":4,"column":0},"end":{"line":13,"column":2}},"2":{"start":{"line":5,"column":17},"end":{"line":5,"column":33}},"3":{"start":{"line":7,"column":2},"end":{"line":7,"column":42}},"4":{"start":{"line":8,"column":2},"end":{"line":8,"column":44}},"5":{"start":{"line":9,"column":2},"end":{"line":9,"column":46}},"6":{"start":{"line":10,"column":2},"end":{"line":10,"column":51}},"7":{"start":{"line":12,"column":2},"end":{"line":12,"column":16}}},"fnMap":{"0":{"name":"(anonymous_0)","decl":{"start":{"line":4,"column":17},"end":{"line":4,"column":18}},"loc":{"start":{"line":4,"column":37},"end":{"line":13,"column":1}},"line":4}},"branchMap":{},"s":{"0":2,"1":2,"2":2,"3":2,"4":2,"5":2,"6":2,"7":2},"f":{"0":2},"b":{},"_coverageSchema":"1a1c01bbd47fc00a2c39e90264f33305004495a9","hash":"a889267d25aea32038a5df6787f45685139b6018"}
,"/home/gavin/PerfectPlan/backend/routes/pollroutes.js": {"path":"/home/gavin/PerfectPlan/backend/routes/pollroutes.js","statementMap":{"0":{"start":{"line":1,"column":16},"end":{"line":1,"column":34}},"1":{"start":{"line":3,"column":0},"end":{"line":13,"column":2}},"2":{"start":{"line":4,"column":17},"end":{"line":4,"column":33}},"3":{"start":{"line":6,"column":2},"end":{"line":6,"column":40}},"4":{"start":{"line":7,"column":2},"end":{"line":7,"column":38}},"5":{"start":{"line":8,"column":2},"end":{"line":8,"column":56}},"6":{"start":{"line":9,"column":2},"end":{"line":9,"column":42}},"7":{"start":{"line":12,"column":2},"end":{"line":12,"column":16}}},"fnMap":{"0":{"name":"(anonymous_0)","decl":{"start":{"line":3,"column":17},"end":{"line":3,"column":18}},"loc":{"start":{"line":3,"column":31},"end":{"line":13,"column":1}},"line":3}},"branchMap":{},"s":{"0":2,"1":2,"2":2,"3":2,"4":2,"5":2,"6":2,"7":2},"f":{"0":2},"b":{},"_coverageSchema":"1a1c01bbd47fc00a2c39e90264f33305004495a9","hash":"834819a5b35e07d06cab8777c38dc71805b11e39"}
,"/home/gavin/PerfectPlan/backend/services/authservice.js": {"path":"/home/gavin/PerfectPlan/backend/services/authservice.js","statementMap":{"0":{"start":{"line":2,"column":15},"end":{"line":2,"column":34}},"1":{"start":{"line":3,"column":12},"end":{"line":3,"column":35}},"2":{"start":{"line":7,"column":4},"end":{"line":7,"column":26}},"3":{"start":{"line":8,"column":4},"end":{"line":8,"column":31}},"4":{"start":{"line":12,"column":21},"end":{"line":12,"column":58}},"5":{"start":{"line":13,"column":4},"end":{"line":13,"column":61}},"6":{"start":{"line":13,"column":18},"end":{"line":13,"column":61}},"7":{"start":{"line":15,"column":19},"end":{"line":15,"column":50}},"8":{"start":{"line":16,"column":4},"end":{"line":16,"column":59}},"9":{"start":{"line":17,"column":4},"end":{"line":17,"column":52}},"10":{"start":{"line":21,"column":17},"end":{"line":21,"column":54}},"11":{"start":{"line":22,"column":4},"end":{"line":22,"column":49}},"12":{"start":{"line":22,"column":15},"end":{"line":22,"column":49}},"13":{"start":{"line":24,"column":18},"end":{"line":24,"column":63}},"14":{"start":{"line":25,"column":4},"end":{"line":25,"column":52}},"15":{"start":{"line":25,"column":16},"end":{"line":25,"column":52}},"16":{"start":{"line":27,"column":18},"end":{"line":31,"column":5}},"17":{"start":{"line":33,"column":4},"end":{"line":33,"column":21}},"18":{"start":{"line":37,"column":0},"end":{"line":37,"column":29}}},"fnMap":{"0":{"name":"(anonymous_0)","decl":{"start":{"line":6,"column":2},"end":{"line":6,"column":3}},"loc":{"start":{"line":6,"column":36},"end":{"line":9,"column":3}},"line":6},"1":{"name":"(anonymous_1)","decl":{"start":{"line":11,"column":2},"end":{"line":11,"column":3}},"loc":{"start":{"line":11,"column":35},"end":{"line":18,"column":3}},"line":11},"2":{"name":"(anonymous_2)","decl":{"start":{"line":20,"column":2},"end":{"line":20,"column":3}},"loc":{"start":{"line":20,"column":34},"end":{"line":34,"column":3}},"line":20}},"branchMap":{"0":{"loc":{"start":{"line":13,"column":4},"end":{"line":13,"column":61}},"type":"if","locations":[{"start":{"line":13,"column":4},"end":{"line":13,"column":61}},{"start":{},"end":{}}],"line":13},"1":{"loc":{"start":{"line":22,"column":4},"end":{"line":22,"column":49}},"type":"if","locations":[{"start":{"line":22,"column":4},"end":{"line":22,"column":49}},{"start":{},"end":{}}],"line":22},"2":{"loc":{"start":{"line":25,"column":4},"end":{"line":25,"column":52}},"type":"if","locations":[{"start":{"line":25,"column":4},"end":{"line":25,"column":52}},{"start":{},"end":{}}],"line":25}},"s":{"0":2,"1":2,"2":2,"3":2,"4":1,"5":1,"6":0,"7":1,"8":1,"9":1,"10":1,"11":1,"12":0,"13":1,"14":1,"15":0,"16":1,"17":1,"18":2},"f":{"0":2,"1":1,"2":1},"b":{"0":[0,1],"1":[0,1],"2":[0,1]},"_coverageSchema":"1a1c01bbd47fc00a2c39e90264f33305004495a9","hash":"7b64b3a81b395eb9b42a33a2ee1877105bb1afb8"}
,"/home/gavin/PerfectPlan/backend/services/chatservice.js": {"path":"/home/gavin/PerfectPlan/backend/services/chatservice.js","statementMap":{"0":{"start":{"line":3,"column":4},"end":{"line":3,"column":27}},"1":{"start":{"line":4,"column":4},"end":{"line":4,"column":23}},"2":{"start":{"line":8,"column":4},"end":{"line":8,"column":66}},"3":{"start":{"line":12,"column":4},"end":{"line":15,"column":30}},"4":{"start":{"line":19,"column":0},"end":{"line":19,"column":29}}},"fnMap":{"0":{"name":"(anonymous_0)","decl":{"start":{"line":2,"column":2},"end":{"line":2,"column":3}},"loc":{"start":{"line":2,"column":30},"end":{"line":5,"column":3}},"line":2},"1":{"name":"(anonymous_1)","decl":{"start":{"line":7,"column":2},"end":{"line":7,"column":3}},"loc":{"start":{"line":7,"column":55},"end":{"line":9,"column":3}},"line":7},"2":{"name":"(anonymous_2)","decl":{"start":{"line":11,"column":2},"end":{"line":11,"column":3}},"loc":{"start":{"line":11,"column":29},"end":{"line":16,"column":3}},"line":11}},"branchMap":{},"s":{"0":0,"1":0,"2":0,"3":0,"4":0},"f":{"0":0,"1":0,"2":0},"b":{}}
,"/home/gavin/PerfectPlan/backend/services/eventservice.js": {"path":"/home/gavin/PerfectPlan/backend/services/eventservice.js","statementMap":{"0":{"start":{"line":2,"column":17},"end":{"line":2,"column":36}},"1":{"start":{"line":6,"column":4},"end":{"line":6,"column":28}},"2":{"start":{"line":7,"column":4},"end":{"line":7,"column":28}},"3":{"start":{"line":18,"column":8},"end":{"line":18,"column":12}},"4":{"start":{"line":20,"column":18},"end":{"line":20,"column":52}},"5":{"start":{"line":21,"column":4},"end":{"line":23,"column":5}},"6":{"start":{"line":22,"column":6},"end":{"line":22,"column":41}},"7":{"start":{"line":25,"column":4},"end":{"line":29,"column":5}},"8":{"start":{"line":26,"column":18},"end":{"line":26,"column":66}},"9":{"start":{"line":27,"column":6},"end":{"line":27,"column":27}},"10":{"start":{"line":28,"column":6},"end":{"line":28,"column":16}},"11":{"start":{"line":31,"column":4},"end":{"line":33,"column":5}},"12":{"start":{"line":32,"column":6},"end":{"line":32,"column":62}},"13":{"start":{"line":35,"column":18},"end":{"line":42,"column":6}},"14":{"start":{"line":44,"column":4},"end":{"line":44,"column":17}},"15":{"start":{"line":48,"column":4},"end":{"line":50,"column":25}},"16":{"start":{"line":55,"column":19},"end":{"line":55,"column":75}},"17":{"start":{"line":56,"column":21},"end":{"line":56,"column":45}},"18":{"start":{"line":56,"column":39},"end":{"line":56,"column":44}},"19":{"start":{"line":58,"column":4},"end":{"line":61,"column":25}},"20":{"start":{"line":65,"column":4},"end":{"line":65,"column":48}},"21":{"start":{"line":66,"column":4},"end":{"line":66,"column":40}},"22":{"start":{"line":70,"column":0},"end":{"line":70,"column":30}}},"fnMap":{"0":{"name":"(anonymous_0)","decl":{"start":{"line":5,"column":2},"end":{"line":5,"column":3}},"loc":{"start":{"line":5,"column":38},"end":{"line":8,"column":3}},"line":5},"1":{"name":"(anonymous_1)","decl":{"start":{"line":10,"column":2},"end":{"line":10,"column":3}},"loc":{"start":{"line":10,"column":26},"end":{"line":45,"column":3}},"line":10},"2":{"name":"(anonymous_2)","decl":{"start":{"line":47,"column":2},"end":{"line":47,"column":3}},"loc":{"start":{"line":47,"column":32},"end":{"line":51,"column":3}},"line":47},"3":{"name":"(anonymous_3)","decl":{"start":{"line":53,"column":2},"end":{"line":53,"column":3}},"loc":{"start":{"line":53,"column":30},"end":{"line":62,"column":3}},"line":53},"4":{"name":"(anonymous_4)","decl":{"start":{"line":56,"column":32},"end":{"line":56,"column":33}},"loc":{"start":{"line":56,"column":39},"end":{"line":56,"column":44}},"line":56},"5":{"name":"(anonymous_5)","decl":{"start":{"line":64,"column":2},"end":{"line":64,"column":3}},"loc":{"start":{"line":64,"column":29},"end":{"line":67,"column":3}},"line":64}},"branchMap":{"0":{"loc":{"start":{"line":21,"column":4},"end":{"line":23,"column":5}},"type":"if","locations":[{"start":{"line":21,"column":4},"end":{"line":23,"column":5}},{"start":{},"end":{}}],"line":21},"1":{"loc":{"start":{"line":25,"column":4},"end":{"line":29,"column":5}},"type":"if","locations":[{"start":{"line":25,"column":4},"end":{"line":29,"column":5}},{"start":{},"end":{}}],"line":25},"2":{"loc":{"start":{"line":31,"column":4},"end":{"line":33,"column":5}},"type":"if","locations":[{"start":{"line":31,"column":4},"end":{"line":33,"column":5}},{"start":{},"end":{}}],"line":31},"3":{"loc":{"start":{"line":31,"column":8},"end":{"line":31,"column":30}},"type":"binary-expr","locations":[{"start":{"line":31,"column":8},"end":{"line":31,"column":18}},{"start":{"line":31,"column":22},"end":{"line":31,"column":30}}],"line":31}},"s":{"0":2,"1":2,"2":2,"3":1,"4":1,"5":1,"6":0,"7":1,"8":1,"9":1,"10":1,"11":0,"12":0,"13":0,"14":0,"15":0,"16":0,"17":0,"18":0,"19":0,"20":0,"21":0,"22":2},"f":{"0":2,"1":1,"2":0,"3":0,"4":0,"5":0},"b":{"0":[0,1],"1":[1,0],"2":[0,0],"3":[0,0]},"_coverageSchema":"1a1c01bbd47fc00a2c39e90264f33305004495a9","hash":"6a65707b896defe63d83dadd64335a36c7a3ac37"}
,"/home/gavin/PerfectPlan/backend/services/groupservice.js": {"path":"/home/gavin/PerfectPlan/backend/services/groupservice.js","statementMap":{"0":{"start":{"line":2,"column":17},"end":{"line":2,"column":36}},"1":{"start":{"line":6,"column":4},"end":{"line":6,"column":28}},"2":{"start":{"line":10,"column":23},"end":{"line":10,"column":79}},"3":{"start":{"line":11,"column":22},"end":{"line":11,"column":78}},"4":{"start":{"line":12,"column":18},"end":{"line":12,"column":53}},"5":{"start":{"line":14,"column":18},"end":{"line":21,"column":6}},"6":{"start":{"line":23,"column":4},"end":{"line":23,"column":17}},"7":{"start":{"line":27,"column":18},"end":{"line":27,"column":95}},"8":{"start":{"line":28,"column":4},"end":{"line":28,"column":55}},"9":{"start":{"line":28,"column":16},"end":{"line":28,"column":55}},"10":{"start":{"line":30,"column":22},"end":{"line":30,"column":57}},"11":{"start":{"line":32,"column":4},"end":{"line":36,"column":5}},"12":{"start":{"line":33,"column":6},"end":{"line":35,"column":7}},"13":{"start":{"line":33,"column":38},"end":{"line":33,"column":58}},"14":{"start":{"line":34,"column":8},"end":{"line":34,"column":38}},"15":{"start":{"line":38,"column":4},"end":{"line":42,"column":5}},"16":{"start":{"line":39,"column":6},"end":{"line":41,"column":7}},"17":{"start":{"line":39,"column":36},"end":{"line":39,"column":56}},"18":{"start":{"line":40,"column":8},"end":{"line":40,"column":36}},"19":{"start":{"line":43,"column":4},"end":{"line":43,"column":23}},"20":{"start":{"line":44,"column":4},"end":{"line":44,"column":17}},"21":{"start":{"line":48,"column":18},"end":{"line":48,"column":52}},"22":{"start":{"line":49,"column":4},"end":{"line":49,"column":51}},"23":{"start":{"line":49,"column":16},"end":{"line":49,"column":51}},"24":{"start":{"line":51,"column":4},"end":{"line":53,"column":5}},"25":{"start":{"line":52,"column":6},"end":{"line":52,"column":67}},"26":{"start":{"line":55,"column":4},"end":{"line":58,"column":5}},"27":{"start":{"line":56,"column":6},"end":{"line":56,"column":50}},"28":{"start":{"line":57,"column":6},"end":{"line":57,"column":80}},"29":{"start":{"line":60,"column":4},"end":{"line":60,"column":75}},"30":{"start":{"line":60,"column":49},"end":{"line":60,"column":73}},"31":{"start":{"line":61,"column":4},"end":{"line":61,"column":71}},"32":{"start":{"line":61,"column":45},"end":{"line":61,"column":69}},"33":{"start":{"line":62,"column":4},"end":{"line":62,"column":23}},"34":{"start":{"line":64,"column":4},"end":{"line":64,"column":50}},"35":{"start":{"line":69,"column":20},"end":{"line":72,"column":13}},"36":{"start":{"line":74,"column":4},"end":{"line":74,"column":43}},"37":{"start":{"line":74,"column":25},"end":{"line":74,"column":41}},"38":{"start":{"line":77,"column":19},"end":{"line":83,"column":13}},"39":{"start":{"line":85,"column":4},"end":{"line":85,"column":43}},"40":{"start":{"line":85,"column":24},"end":{"line":85,"column":41}},"41":{"start":{"line":88,"column":18},"end":{"line":93,"column":13}},"42":{"start":{"line":95,"column":4},"end":{"line":95,"column":41}},"43":{"start":{"line":95,"column":23},"end":{"line":95,"column":39}},"44":{"start":{"line":97,"column":4},"end":{"line":97,"column":38}},"45":{"start":{"line":102,"column":0},"end":{"line":102,"column":30}}},"fnMap":{"0":{"name":"(anonymous_0)","decl":{"start":{"line":5,"column":2},"end":{"line":5,"column":3}},"loc":{"start":{"line":5,"column":26},"end":{"line":7,"column":3}},"line":5},"1":{"name":"(anonymous_1)","decl":{"start":{"line":9,"column":2},"end":{"line":9,"column":3}},"loc":{"start":{"line":9,"column":34},"end":{"line":24,"column":3}},"line":9},"2":{"name":"(anonymous_2)","decl":{"start":{"line":26,"column":2},"end":{"line":26,"column":3}},"loc":{"start":{"line":26,"column":32},"end":{"line":45,"column":3}},"line":26},"3":{"name":"(anonymous_3)","decl":{"start":{"line":33,"column":30},"end":{"line":33,"column":31}},"loc":{"start":{"line":33,"column":38},"end":{"line":33,"column":58}},"line":33},"4":{"name":"(anonymous_4)","decl":{"start":{"line":39,"column":28},"end":{"line":39,"column":29}},"loc":{"start":{"line":39,"column":36},"end":{"line":39,"column":56}},"line":39},"5":{"name":"(anonymous_5)","decl":{"start":{"line":47,"column":2},"end":{"line":47,"column":3}},"loc":{"start":{"line":47,"column":36},"end":{"line":65,"column":3}},"line":47},"6":{"name":"(anonymous_6)","decl":{"start":{"line":60,"column":41},"end":{"line":60,"column":42}},"loc":{"start":{"line":60,"column":49},"end":{"line":60,"column":73}},"line":60},"7":{"name":"(anonymous_7)","decl":{"start":{"line":61,"column":37},"end":{"line":61,"column":38}},"loc":{"start":{"line":61,"column":45},"end":{"line":61,"column":69}},"line":61},"8":{"name":"(anonymous_8)","decl":{"start":{"line":67,"column":2},"end":{"line":67,"column":3}},"loc":{"start":{"line":67,"column":30},"end":{"line":98,"column":3}},"line":67},"9":{"name":"(anonymous_9)","decl":{"start":{"line":74,"column":20},"end":{"line":74,"column":21}},"loc":{"start":{"line":74,"column":25},"end":{"line":74,"column":41}},"line":74},"10":{"name":"(anonymous_10)","decl":{"start":{"line":85,"column":19},"end":{"line":85,"column":20}},"loc":{"start":{"line":85,"column":24},"end":{"line":85,"column":41}},"line":85},"11":{"name":"(anonymous_11)","decl":{"start":{"line":95,"column":18},"end":{"line":95,"column":19}},"loc":{"start":{"line":95,"column":23},"end":{"line":95,"column":39}},"line":95}},"branchMap":{"0":{"loc":{"start":{"line":28,"column":4},"end":{"line":28,"column":55}},"type":"if","locations":[{"start":{"line":28,"column":4},"end":{"line":28,"column":55}},{"start":{},"end":{}}],"line":28},"1":{"loc":{"start":{"line":32,"column":4},"end":{"line":36,"column":5}},"type":"if","locations":[{"start":{"line":32,"column":4},"end":{"line":36,"column":5}},{"start":{},"end":{}}],"line":32},"2":{"loc":{"start":{"line":33,"column":6},"end":{"line":35,"column":7}},"type":"if","locations":[{"start":{"line":33,"column":6},"end":{"line":35,"column":7}},{"start":{},"end":{}}],"line":33},"3":{"loc":{"start":{"line":38,"column":4},"end":{"line":42,"column":5}},"type":"if","locations":[{"start":{"line":38,"column":4},"end":{"line":42,"column":5}},{"start":{},"end":{}}],"line":38},"4":{"loc":{"start":{"line":39,"column":6},"end":{"line":41,"column":7}},"type":"if","locations":[{"start":{"line":39,"column":6},"end":{"line":41,"column":7}},{"start":{},"end":{}}],"line":39},"5":{"loc":{"start":{"line":49,"column":4},"end":{"line":49,"column":51}},"type":"if","locations":[{"start":{"line":49,"column":4},"end":{"line":49,"column":51}},{"start":{},"end":{}}],"line":49},"6":{"loc":{"start":{"line":51,"column":4},"end":{"line":53,"column":5}},"type":"if","locations":[{"start":{"line":51,"column":4},"end":{"line":53,"column":5}},{"start":{},"end":{}}],"line":51},"7":{"loc":{"start":{"line":51,"column":8},"end":{"line":51,"column":71}},"type":"binary-expr","locations":[{"start":{"line":51,"column":8},"end":{"line":51,"column":43}},{"start":{"line":51,"column":47},"end":{"line":51,"column":71}}],"line":51},"8":{"loc":{"start":{"line":55,"column":4},"end":{"line":58,"column":5}},"type":"if","locations":[{"start":{"line":55,"column":4},"end":{"line":58,"column":5}},{"start":{},"end":{}}],"line":55},"9":{"loc":{"start":{"line":55,"column":8},"end":{"line":55,"column":73}},"type":"binary-expr","locations":[{"start":{"line":55,"column":8},"end":{"line":55,"column":43}},{"start":{"line":55,"column":47},"end":{"line":55,"column":73}}],"line":55}},"s":{"0":2,"1":2,"2":0,"3":0,"4":0,"5":0,"6":0,"7":0,"8":0,"9":0,"10":0,"11":0,"12":0,"13":0,"14":0,"15":0,"16":0,"17":0,"18":0,"19":0,"20":0,"21":0,"22":0,"23":0,"24":0,"25":0,"26":0,"27":0,"28":0,"29":0,"30":0,"31":0,"32":0,"33":0,"34":0,"35":0,"36":0,"37":0,"38":0,"39":0,"40":0,"41":0,"42":0,"43":0,"44":0,"45":2},"f":{"0":2,"1":0,"2":0,"3":0,"4":0,"5":0,"6":0,"7":0,"8":0,"9":0,"10":0,"11":0},"b":{"0":[0,0],"1":[0,0],"2":[0,0],"3":[0,0],"4":[0,0],"5":[0,0],"6":[0,0],"7":[0,0],"8":[0,0],"9":[0,0]},"_coverageSchema":"1a1c01bbd47fc00a2c39e90264f33305004495a9","hash":"1a0cbe5f31af745288200c89cac8730c30ff80eb"}
,"/home/gavin/PerfectPlan/backend/services/pollservice.js": {"path":"/home/gavin/PerfectPlan/backend/services/pollservice.js","statementMap":{"0":{"start":{"line":1,"column":13},"end":{"line":1,"column":38}},"1":{"start":{"line":2,"column":14},"end":{"line":2,"column":40}},"2":{"start":{"line":6,"column":4},"end":{"line":6,"column":26}},"3":{"start":{"line":7,"column":4},"end":{"line":7,"column":28}},"4":{"start":{"line":11,"column":18},"end":{"line":11,"column":52}},"5":{"start":{"line":12,"column":4},"end":{"line":12,"column":51}},"6":{"start":{"line":12,"column":16},"end":{"line":12,"column":51}},"7":{"start":{"line":14,"column":4},"end":{"line":16,"column":5}},"8":{"start":{"line":15,"column":6},"end":{"line":15,"column":65}},"9":{"start":{"line":18,"column":4},"end":{"line":23,"column":7}},"10":{"start":{"line":27,"column":17},"end":{"line":27,"column":49}},"11":{"start":{"line":28,"column":4},"end":{"line":28,"column":49}},"12":{"start":{"line":28,"column":15},"end":{"line":28,"column":49}},"13":{"start":{"line":30,"column":19},"end":{"line":30,"column":44}},"14":{"start":{"line":31,"column":4},"end":{"line":31,"column":56}},"15":{"start":{"line":31,"column":17},"end":{"line":31,"column":56}},"16":{"start":{"line":34,"column":25},"end":{"line":36,"column":5}},"17":{"start":{"line":35,"column":6},"end":{"line":35,"column":32}},"18":{"start":{"line":37,"column":4},"end":{"line":37,"column":60}},"19":{"start":{"line":37,"column":22},"end":{"line":37,"column":60}},"20":{"start":{"line":39,"column":4},"end":{"line":39,"column":30}},"21":{"start":{"line":40,"column":4},"end":{"line":40,"column":22}},"22":{"start":{"line":41,"column":4},"end":{"line":41,"column":16}},"23":{"start":{"line":45,"column":4},"end":{"line":45,"column":63}},"24":{"start":{"line":49,"column":19},"end":{"line":49,"column":46}},"25":{"start":{"line":50,"column":6},"end":{"line":50,"column":51}},"26":{"start":{"line":50,"column":17},"end":{"line":50,"column":51}},"27":{"start":{"line":52,"column":20},"end":{"line":52,"column":54}},"28":{"start":{"line":53,"column":6},"end":{"line":53,"column":53}},"29":{"start":{"line":53,"column":18},"end":{"line":53,"column":53}},"30":{"start":{"line":55,"column":6},"end":{"line":57,"column":7}},"31":{"start":{"line":56,"column":8},"end":{"line":56,"column":65}},"32":{"start":{"line":59,"column":6},"end":{"line":59,"column":29}},"33":{"start":{"line":60,"column":6},"end":{"line":60,"column":31}},"34":{"start":{"line":65,"column":0},"end":{"line":65,"column":29}}},"fnMap":{"0":{"name":"(anonymous_0)","decl":{"start":{"line":5,"column":2},"end":{"line":5,"column":3}},"loc":{"start":{"line":5,"column":37},"end":{"line":8,"column":3}},"line":5},"1":{"name":"(anonymous_1)","decl":{"start":{"line":10,"column":2},"end":{"line":10,"column":3}},"loc":{"start":{"line":10,"column":62},"end":{"line":24,"column":3}},"line":10},"2":{"name":"(anonymous_2)","decl":{"start":{"line":26,"column":2},"end":{"line":26,"column":3}},"loc":{"start":{"line":26,"column":43},"end":{"line":42,"column":3}},"line":26},"3":{"name":"(anonymous_3)","decl":{"start":{"line":34,"column":43},"end":{"line":34,"column":44}},"loc":{"start":{"line":35,"column":6},"end":{"line":35,"column":32}},"line":35},"4":{"name":"(anonymous_4)","decl":{"start":{"line":44,"column":2},"end":{"line":44,"column":3}},"loc":{"start":{"line":44,"column":31},"end":{"line":46,"column":3}},"line":44},"5":{"name":"(anonymous_5)","decl":{"start":{"line":48,"column":2},"end":{"line":48,"column":3}},"loc":{"start":{"line":48,"column":35},"end":{"line":61,"column":5}},"line":48}},"branchMap":{"0":{"loc":{"start":{"line":12,"column":4},"end":{"line":12,"column":51}},"type":"if","locations":[{"start":{"line":12,"column":4},"end":{"line":12,"column":51}},{"start":{},"end":{}}],"line":12},"1":{"loc":{"start":{"line":14,"column":4},"end":{"line":16,"column":5}},"type":"if","locations":[{"start":{"line":14,"column":4},"end":{"line":16,"column":5}},{"start":{},"end":{}}],"line":14},"2":{"loc":{"start":{"line":20,"column":16},"end":{"line":20,"column":57}},"type":"binary-expr","locations":[{"start":{"line":20,"column":16},"end":{"line":20,"column":24}},{"start":{"line":20,"column":28},"end":{"line":20,"column":57}}],"line":20},"3":{"loc":{"start":{"line":28,"column":4},"end":{"line":28,"column":49}},"type":"if","locations":[{"start":{"line":28,"column":4},"end":{"line":28,"column":49}},{"start":{},"end":{}}],"line":28},"4":{"loc":{"start":{"line":31,"column":4},"end":{"line":31,"column":56}},"type":"if","locations":[{"start":{"line":31,"column":4},"end":{"line":31,"column":56}},{"start":{},"end":{}}],"line":31},"5":{"loc":{"start":{"line":37,"column":4},"end":{"line":37,"column":60}},"type":"if","locations":[{"start":{"line":37,"column":4},"end":{"line":37,"column":60}},{"start":{},"end":{}}],"line":37},"6":{"loc":{"start":{"line":50,"column":6},"end":{"line":50,"column":51}},"type":"if","locations":[{"start":{"line":50,"column":6},"end":{"line":50,"column":51}},{"start":{},"end":{}}],"line":50},"7":{"loc":{"start":{"line":53,"column":6},"end":{"line":53,"column":53}},"type":"if","locations":[{"start":{"line":53,"column":6},"end":{"line":53,"column":53}},{"start":{},"end":{}}],"line":53},"8":{"loc":{"start":{"line":55,"column":6},"end":{"line":57,"column":7}},"type":"if","locations":[{"start":{"line":55,"column":6},"end":{"line":57,"column":7}},{"start":{},"end":{}}],"line":55}},"s":{"0":2,"1":2,"2":2,"3":2,"4":0,"5":0,"6":0,"7":0,"8":0,"9":0,"10":0,"11":0,"12":0,"13":0,"14":0,"15":0,"16":0,"17":0,"18":0,"19":0,"20":0,"21":0,"22":0,"23":0,"24":0,"25":0,"26":0,"27":0,"28":0,"29":0,"30":0,"31":0,"32":0,"33":0,"34":2},"f":{"0":2,"1":0,"2":0,"3":0,"4":0,"5":0},"b":{"0":[0,0],"1":[0,0],"2":[0,0],"3":[0,0],"4":[0,0],"5":[0,0],"6":[0,0],"7":[0,0],"8":[0,0]},"_coverageSchema":"1a1c01bbd47fc00a2c39e90264f33305004495a9","hash":"804427b115d4bcf249efd538bec27342c972af91"}
}
