TN:
SF:controllers/authcontroller.js
FN:2,authController
FN:4,(anonymous_1)
FN:15,(anonymous_2)
FNF:3
FNH:3
FNDA:2,authController
FNDA:1,(anonymous_1)
FNDA:1,(anonymous_2)
DA:3,2
DA:5,1
DA:6,1
DA:7,1
DA:8,1
DA:10,0
DA:11,0
DA:16,1
DA:17,1
DA:18,1
DA:19,1
DA:20,1
DA:22,0
DA:23,0
DA:29,2
LF:15
LH:11
BRDA:11,0,0,0
BRDA:11,0,1,0
BRDA:23,1,0,0
BRDA:23,1,1,0
BRF:4
BRH:0
end_of_record
TN:
SF:controllers/eventcontroller.js
FN:2,(anonymous_0)
FN:3,(anonymous_1)
FN:30,(anonymous_2)
FN:40,(anonymous_3)
FN:50,(anonymous_4)
FNF:5
FNH:2
FNDA:2,(anonymous_0)
FNDA:1,(anonymous_1)
FNDA:0,(anonymous_2)
FNDA:0,(anonymous_3)
FNDA:0,(anonymous_4)
DA:2,2
DA:4,1
DA:12,1
DA:14,1
DA:23,0
DA:25,1
DA:26,1
DA:31,0
DA:32,0
DA:33,0
DA:35,0
DA:36,0
DA:41,0
DA:42,0
DA:43,0
DA:45,0
DA:46,0
DA:51,0
DA:52,0
DA:53,0
DA:55,0
DA:56,0
LF:22
LH:6
BRDA:26,0,0,1
BRDA:26,0,1,0
BRF:2
BRH:1
end_of_record
TN:
SF:controllers/groupcontroller.js
FN:2,groupController
FN:4,(anonymous_1)
FN:15,(anonymous_2)
FN:26,(anonymous_3)
FN:37,(anonymous_4)
FNF:5
FNH:1
FNDA:2,groupController
FNDA:0,(anonymous_1)
FNDA:0,(anonymous_2)
FNDA:0,(anonymous_3)
FNDA:0,(anonymous_4)
DA:3,2
DA:5,0
DA:6,0
DA:7,0
DA:8,0
DA:10,0
DA:11,0
DA:16,0
DA:17,0
DA:18,0
DA:19,0
DA:21,0
DA:22,0
DA:27,0
DA:28,0
DA:29,0
DA:30,0
DA:32,0
DA:33,0
DA:38,0
DA:39,0
DA:40,0
DA:41,0
DA:43,0
DA:44,0
DA:50,2
LF:26
LH:2
BRDA:11,0,0,0
BRDA:11,0,1,0
BRDA:22,1,0,0
BRDA:22,1,1,0
BRDA:33,2,0,0
BRDA:33,2,1,0
BRF:6
BRH:0
end_of_record
TN:
SF:controllers/pollcontroller.js
FN:3,(anonymous_0)
FN:4,(anonymous_1)
FN:14,(anonymous_2)
FN:24,(anonymous_3)
FN:34,(anonymous_4)
FNF:5
FNH:1
FNDA:2,(anonymous_0)
FNDA:0,(anonymous_1)
FNDA:0,(anonymous_2)
FNDA:0,(anonymous_3)
FNDA:0,(anonymous_4)
DA:1,2
DA:3,2
DA:5,0
DA:6,0
DA:7,0
DA:9,0
DA:10,0
DA:15,0
DA:16,0
DA:17,0
DA:19,0
DA:20,0
DA:25,0
DA:26,0
DA:27,0
DA:29,0
DA:30,0
DA:35,0
DA:36,0
DA:37,0
DA:38,0
DA:40,0
LF:22
LH:2
BRF:0
BRH:0
end_of_record
TN:
SF:routes/authroutes.js
FN:4,(anonymous_0)
FNF:1
FNH:1
FNDA:2,(anonymous_0)
DA:2,2
DA:4,2
DA:5,2
DA:7,2
DA:8,2
DA:10,2
LF:6
LH:6
BRF:0
BRH:0
end_of_record
TN:
SF:routes/eventroutes.js
FN:4,(anonymous_0)
FNF:1
FNH:1
FNDA:2,(anonymous_0)
DA:2,2
DA:4,2
DA:5,2
DA:7,2
DA:8,2
DA:9,2
DA:10,2
DA:12,2
LF:8
LH:8
BRF:0
BRH:0
end_of_record
TN:
SF:routes/grouproutes.js
FN:4,(anonymous_0)
FNF:1
FNH:1
FNDA:2,(anonymous_0)
DA:2,2
DA:4,2
DA:5,2
DA:7,2
DA:8,2
DA:9,2
DA:10,2
DA:12,2
LF:8
LH:8
BRF:0
BRH:0
end_of_record
TN:
SF:routes/pollroutes.js
FN:3,(anonymous_0)
FNF:1
FNH:1
FNDA:2,(anonymous_0)
DA:1,2
DA:3,2
DA:4,2
DA:6,2
DA:7,2
DA:8,2
DA:9,2
DA:12,2
LF:8
LH:8
BRF:0
BRH:0
end_of_record
TN:
SF:services/authservice.js
FN:6,(anonymous_0)
FN:11,(anonymous_1)
FN:20,(anonymous_2)
FNF:3
FNH:3
FNDA:2,(anonymous_0)
FNDA:1,(anonymous_1)
FNDA:1,(anonymous_2)
DA:2,2
DA:3,2
DA:7,2
DA:8,2
DA:12,1
DA:13,1
DA:15,1
DA:16,1
DA:17,1
DA:21,1
DA:22,1
DA:24,1
DA:25,1
DA:27,1
DA:33,1
DA:37,2
LF:16
LH:16
BRDA:13,0,0,0
BRDA:13,0,1,1
BRDA:22,1,0,0
BRDA:22,1,1,1
BRDA:25,2,0,0
BRDA:25,2,1,1
BRF:6
BRH:3
end_of_record
TN:
SF:services/chatservice.js
FN:2,(anonymous_0)
FN:7,(anonymous_1)
FN:11,(anonymous_2)
FNF:3
FNH:0
FNDA:0,(anonymous_0)
FNDA:0,(anonymous_1)
FNDA:0,(anonymous_2)
DA:3,0
DA:4,0
DA:8,0
DA:12,0
DA:19,0
LF:5
LH:0
BRF:0
BRH:0
end_of_record
TN:
SF:services/eventservice.js
FN:5,(anonymous_0)
FN:10,(anonymous_1)
FN:47,(anonymous_2)
FN:53,(anonymous_3)
FN:56,(anonymous_4)
FN:64,(anonymous_5)
FNF:6
FNH:2
FNDA:2,(anonymous_0)
FNDA:1,(anonymous_1)
FNDA:0,(anonymous_2)
FNDA:0,(anonymous_3)
FNDA:0,(anonymous_4)
FNDA:0,(anonymous_5)
DA:2,2
DA:6,2
DA:7,2
DA:18,1
DA:20,1
DA:21,1
DA:22,0
DA:25,1
DA:26,1
DA:27,1
DA:28,1
DA:31,0
DA:32,0
DA:35,0
DA:44,0
DA:48,0
DA:55,0
DA:56,0
DA:58,0
DA:65,0
DA:66,0
DA:70,2
LF:22
LH:11
BRDA:21,0,0,0
BRDA:21,0,1,1
BRDA:25,1,0,1
BRDA:25,1,1,0
BRDA:31,2,0,0
BRDA:31,2,1,0
BRDA:31,3,0,0
BRDA:31,3,1,0
BRF:8
BRH:2
end_of_record
TN:
SF:services/groupservice.js
FN:5,(anonymous_0)
FN:9,(anonymous_1)
FN:26,(anonymous_2)
FN:33,(anonymous_3)
FN:39,(anonymous_4)
FN:47,(anonymous_5)
FN:60,(anonymous_6)
FN:61,(anonymous_7)
FN:67,(anonymous_8)
FN:74,(anonymous_9)
FN:85,(anonymous_10)
FN:95,(anonymous_11)
FNF:12
FNH:1
FNDA:2,(anonymous_0)
FNDA:0,(anonymous_1)
FNDA:0,(anonymous_2)
FNDA:0,(anonymous_3)
FNDA:0,(anonymous_4)
FNDA:0,(anonymous_5)
FNDA:0,(anonymous_6)
FNDA:0,(anonymous_7)
FNDA:0,(anonymous_8)
FNDA:0,(anonymous_9)
FNDA:0,(anonymous_10)
FNDA:0,(anonymous_11)
DA:2,2
DA:6,2
DA:10,0
DA:11,0
DA:12,0
DA:14,0
DA:23,0
DA:27,0
DA:28,0
DA:30,0
DA:32,0
DA:33,0
DA:34,0
DA:38,0
DA:39,0
DA:40,0
DA:43,0
DA:44,0
DA:48,0
DA:49,0
DA:51,0
DA:52,0
DA:55,0
DA:56,0
DA:57,0
DA:60,0
DA:61,0
DA:62,0
DA:64,0
DA:69,0
DA:74,0
DA:77,0
DA:85,0
DA:88,0
DA:95,0
DA:97,0
DA:102,2
LF:37
LH:3
BRDA:28,0,0,0
BRDA:28,0,1,0
BRDA:32,1,0,0
BRDA:32,1,1,0
BRDA:33,2,0,0
BRDA:33,2,1,0
BRDA:38,3,0,0
BRDA:38,3,1,0
BRDA:39,4,0,0
BRDA:39,4,1,0
BRDA:49,5,0,0
BRDA:49,5,1,0
BRDA:51,6,0,0
BRDA:51,6,1,0
BRDA:51,7,0,0
BRDA:51,7,1,0
BRDA:55,8,0,0
BRDA:55,8,1,0
BRDA:55,9,0,0
BRDA:55,9,1,0
BRF:20
BRH:0
end_of_record
TN:
SF:services/pollservice.js
FN:5,(anonymous_0)
FN:10,(anonymous_1)
FN:26,(anonymous_2)
FN:34,(anonymous_3)
FN:44,(anonymous_4)
FN:48,(anonymous_5)
FNF:6
FNH:1
FNDA:2,(anonymous_0)
FNDA:0,(anonymous_1)
FNDA:0,(anonymous_2)
FNDA:0,(anonymous_3)
FNDA:0,(anonymous_4)
FNDA:0,(anonymous_5)
DA:1,2
DA:2,2
DA:6,2
DA:7,2
DA:11,0
DA:12,0
DA:14,0
DA:15,0
DA:18,0
DA:27,0
DA:28,0
DA:30,0
DA:31,0
DA:34,0
DA:35,0
DA:37,0
DA:39,0
DA:40,0
DA:41,0
DA:45,0
DA:49,0
DA:50,0
DA:52,0
DA:53,0
DA:55,0
DA:56,0
DA:59,0
DA:60,0
DA:65,2
LF:29
LH:5
BRDA:12,0,0,0
BRDA:12,0,1,0
BRDA:14,1,0,0
BRDA:14,1,1,0
BRDA:20,2,0,0
BRDA:20,2,1,0
BRDA:28,3,0,0
BRDA:28,3,1,0
BRDA:31,4,0,0
BRDA:31,4,1,0
BRDA:37,5,0,0
BRDA:37,5,1,0
BRDA:50,6,0,0
BRDA:50,6,1,0
BRDA:53,7,0,0
BRDA:53,7,1,0
BRDA:55,8,0,0
BRDA:55,8,1,0
BRF:18
BRH:0
end_of_record
