{"/home/gavin/PerfectPlan/frontend/perfectplan/src/App.js": {"path":"/home/gavin/PerfectPlan/frontend/perfectplan/src/App.js","statementMap":{"0":{"start":{"line":6,"column":12},"end":{"line":6,"column":72}},"1":{"start":{"line":8,"column":19},"end":{"line":8,"column":78}},"2":{"start":{"line":11,"column":26},"end":{"line":11,"column":45}},"3":{"start":{"line":12,"column":26},"end":{"line":17,"column":4}},"4":{"start":{"line":18,"column":23},"end":{"line":18,"column":28}},"5":{"start":{"line":20,"column":36},"end":{"line":26,"column":4}},"6":{"start":{"line":28,"column":30},"end":{"line":28,"column":42}},"7":{"start":{"line":29,"column":34},"end":{"line":29,"column":46}},"8":{"start":{"line":30,"column":30},"end":{"line":30,"column":67}},"9":{"start":{"line":32,"column":44},"end":{"line":32,"column":58}},"10":{"start":{"line":33,"column":30},"end":{"line":33,"column":42}},"11":{"start":{"line":34,"column":44},"end":{"line":34,"column":56}},"12":{"start":{"line":37,"column":4},"end":{"line":38,"column":79}},"13":{"start":{"line":40,"column":4},"end":{"line":40,"column":71}},"14":{"start":{"line":40,"column":54},"end":{"line":40,"column":70}},"15":{"start":{"line":42,"column":30},"end":{"line":42,"column":44}},"16":{"start":{"line":43,"column":34},"end":{"line":43,"column":46}},"17":{"start":{"line":44,"column":36},"end":{"line":44,"column":48}},"18":{"start":{"line":46,"column":28},"end":{"line":46,"column":40}},"19":{"start":{"line":47,"column":40},"end":{"line":47,"column":52}},"20":{"start":{"line":48,"column":42},"end":{"line":48,"column":54}},"21":{"start":{"line":50,"column":23},"end":{"line":51,"column":57}},"22":{"start":{"line":51,"column":4},"end":{"line":51,"column":57}},"23":{"start":{"line":53,"column":28},"end":{"line":54,"column":67}},"24":{"start":{"line":54,"column":4},"end":{"line":54,"column":67}},"25":{"start":{"line":56,"column":17},"end":{"line":65,"column":3}},"26":{"start":{"line":57,"column":4},"end":{"line":64,"column":5}},"27":{"start":{"line":58,"column":6},"end":{"line":58,"column":51}},"28":{"start":{"line":59,"column":6},"end":{"line":59,"column":45}},"29":{"start":{"line":60,"column":6},"end":{"line":60,"column":23}},"30":{"start":{"line":62,"column":6},"end":{"line":62,"column":25}},"31":{"start":{"line":63,"column":6},"end":{"line":63,"column":72}},"32":{"start":{"line":67,"column":16},"end":{"line":80,"column":3}},"33":{"start":{"line":68,"column":4},"end":{"line":79,"column":5}},"34":{"start":{"line":69,"column":18},"end":{"line":69,"column":61}},"35":{"start":{"line":70,"column":16},"end":{"line":70,"column":30}},"36":{"start":{"line":71,"column":22},"end":{"line":71,"column":55}},"37":{"start":{"line":72,"column":6},"end":{"line":72,"column":32}},"38":{"start":{"line":73,"column":6},"end":{"line":73,"column":36}},"39":{"start":{"line":74,"column":6},"end":{"line":74,"column":24}},"40":{"start":{"line":75,"column":6},"end":{"line":75,"column":34}},"41":{"start":{"line":77,"column":6},"end":{"line":77,"column":25}},"42":{"start":{"line":78,"column":6},"end":{"line":78,"column":71}},"43":{"start":{"line":82,"column":22},"end":{"line":90,"column":3}},"44":{"start":{"line":83,"column":4},"end":{"line":89,"column":5}},"45":{"start":{"line":84,"column":18},"end":{"line":84,"column":61}},"46":{"start":{"line":85,"column":6},"end":{"line":85,"column":26}},"47":{"start":{"line":87,"column":6},"end":{"line":87,"column":25}},"48":{"start":{"line":88,"column":6},"end":{"line":88,"column":36}},"49":{"start":{"line":92,"column":22},"end":{"line":106,"column":3}},"50":{"start":{"line":93,"column":4},"end":{"line":105,"column":5}},"51":{"start":{"line":94,"column":18},"end":{"line":97,"column":8}},"52":{"start":{"line":98,"column":6},"end":{"line":100,"column":8}},"53":{"start":{"line":101,"column":6},"end":{"line":101,"column":26}},"54":{"start":{"line":103,"column":6},"end":{"line":103,"column":25}},"55":{"start":{"line":104,"column":6},"end":{"line":104,"column":81}},"56":{"start":{"line":108,"column":20},"end":{"line":117,"column":3}},"57":{"start":{"line":109,"column":4},"end":{"line":116,"column":5}},"58":{"start":{"line":110,"column":6},"end":{"line":110,"column":74}},"59":{"start":{"line":111,"column":6},"end":{"line":111,"column":42}},"60":{"start":{"line":112,"column":6},"end":{"line":112,"column":26}},"61":{"start":{"line":114,"column":6},"end":{"line":114,"column":25}},"62":{"start":{"line":115,"column":6},"end":{"line":115,"column":79}},"63":{"start":{"line":119,"column":21},"end":{"line":129,"column":3}},"64":{"start":{"line":120,"column":4},"end":{"line":120,"column":78}},"65":{"start":{"line":120,"column":71},"end":{"line":120,"column":78}},"66":{"start":{"line":121,"column":4},"end":{"line":128,"column":5}},"67":{"start":{"line":122,"column":6},"end":{"line":122,"column":67}},"68":{"start":{"line":123,"column":6},"end":{"line":123,"column":39}},"69":{"start":{"line":124,"column":6},"end":{"line":124,"column":26}},"70":{"start":{"line":126,"column":6},"end":{"line":126,"column":25}},"71":{"start":{"line":127,"column":6},"end":{"line":127,"column":80}},"72":{"start":{"line":131,"column":24},"end":{"line":141,"column":3}},"73":{"start":{"line":132,"column":4},"end":{"line":140,"column":5}},"74":{"start":{"line":133,"column":6},"end":{"line":133,"column":30}},"75":{"start":{"line":134,"column":6},"end":{"line":134,"column":24}},"76":{"start":{"line":135,"column":18},"end":{"line":135,"column":69}},"77":{"start":{"line":136,"column":6},"end":{"line":136,"column":26}},"78":{"start":{"line":138,"column":6},"end":{"line":138,"column":25}},"79":{"start":{"line":139,"column":6},"end":{"line":139,"column":37}},"80":{"start":{"line":143,"column":22},"end":{"line":177,"column":3}},"81":{"start":{"line":144,"column":4},"end":{"line":144,"column":31}},"82":{"start":{"line":144,"column":24},"end":{"line":144,"column":31}},"83":{"start":{"line":145,"column":61},"end":{"line":145,"column":70}},"84":{"start":{"line":147,"column":4},"end":{"line":150,"column":5}},"85":{"start":{"line":148,"column":6},"end":{"line":148,"column":59}},"86":{"start":{"line":149,"column":6},"end":{"line":149,"column":13}},"87":{"start":{"line":152,"column":18},"end":{"line":152,"column":50}},"88":{"start":{"line":153,"column":16},"end":{"line":153,"column":46}},"89":{"start":{"line":155,"column":4},"end":{"line":158,"column":5}},"90":{"start":{"line":156,"column":6},"end":{"line":156,"column":49}},"91":{"start":{"line":157,"column":6},"end":{"line":157,"column":13}},"92":{"start":{"line":160,"column":4},"end":{"line":176,"column":5}},"93":{"start":{"line":161,"column":6},"end":{"line":168,"column":9}},"94":{"start":{"line":169,"column":18},"end":{"line":169,"column":77}},"95":{"start":{"line":170,"column":6},"end":{"line":170,"column":26}},"96":{"start":{"line":171,"column":6},"end":{"line":171,"column":89}},"97":{"start":{"line":172,"column":6},"end":{"line":172,"column":43}},"98":{"start":{"line":174,"column":6},"end":{"line":174,"column":25}},"99":{"start":{"line":175,"column":6},"end":{"line":175,"column":38}},"100":{"start":{"line":179,"column":22},"end":{"line":188,"column":3}},"101":{"start":{"line":180,"column":4},"end":{"line":180,"column":54}},"102":{"start":{"line":180,"column":47},"end":{"line":180,"column":54}},"103":{"start":{"line":181,"column":4},"end":{"line":187,"column":5}},"104":{"start":{"line":182,"column":6},"end":{"line":182,"column":53}},"105":{"start":{"line":183,"column":6},"end":{"line":183,"column":65}},"106":{"start":{"line":183,"column":26},"end":{"line":183,"column":63}},"107":{"start":{"line":183,"column":45},"end":{"line":183,"column":62}},"108":{"start":{"line":185,"column":6},"end":{"line":185,"column":25}},"109":{"start":{"line":186,"column":6},"end":{"line":186,"column":38}},"110":{"start":{"line":190,"column":28},"end":{"line":199,"column":3}},"111":{"start":{"line":191,"column":4},"end":{"line":198,"column":5}},"112":{"start":{"line":192,"column":18},"end":{"line":192,"column":65}},"113":{"start":{"line":193,"column":6},"end":{"line":193,"column":33}},"114":{"start":{"line":194,"column":6},"end":{"line":194,"column":24}},"115":{"start":{"line":196,"column":6},"end":{"line":196,"column":25}},"116":{"start":{"line":197,"column":6},"end":{"line":197,"column":45}},"117":{"start":{"line":201,"column":19},"end":{"line":240,"column":3}},"118":{"start":{"line":202,"column":4},"end":{"line":202,"column":28}},"119":{"start":{"line":203,"column":4},"end":{"line":203,"column":20}},"120":{"start":{"line":204,"column":4},"end":{"line":204,"column":20}},"121":{"start":{"line":205,"column":4},"end":{"line":205,"column":17}},"122":{"start":{"line":207,"column":4},"end":{"line":232,"column":5}},"123":{"start":{"line":208,"column":24},"end":{"line":208,"column":69}},"124":{"start":{"line":209,"column":6},"end":{"line":209,"column":27}},"125":{"start":{"line":211,"column":6},"end":{"line":213,"column":9}},"126":{"start":{"line":212,"column":8},"end":{"line":212,"column":46}},"127":{"start":{"line":212,"column":30},"end":{"line":212,"column":44}},"128":{"start":{"line":215,"column":6},"end":{"line":223,"column":9}},"129":{"start":{"line":216,"column":8},"end":{"line":222,"column":11}},"130":{"start":{"line":217,"column":27},"end":{"line":217,"column":63}},"131":{"start":{"line":217,"column":44},"end":{"line":217,"column":62}},"132":{"start":{"line":218,"column":10},"end":{"line":220,"column":11}},"133":{"start":{"line":219,"column":12},"end":{"line":219,"column":68}},"134":{"start":{"line":219,"column":36},"end":{"line":219,"column":65}},"135":{"start":{"line":221,"column":10},"end":{"line":221,"column":33}},"136":{"start":{"line":225,"column":6},"end":{"line":227,"column":9}},"137":{"start":{"line":226,"column":8},"end":{"line":226,"column":77}},"138":{"start":{"line":226,"column":27},"end":{"line":226,"column":75}},"139":{"start":{"line":226,"column":44},"end":{"line":226,"column":73}},"140":{"start":{"line":229,"column":6},"end":{"line":229,"column":45}},"141":{"start":{"line":231,"column":6},"end":{"line":231,"column":42}},"142":{"start":{"line":234,"column":4},"end":{"line":239,"column":5}},"143":{"start":{"line":235,"column":18},"end":{"line":235,"column":68}},"144":{"start":{"line":236,"column":6},"end":{"line":236,"column":25}},"145":{"start":{"line":238,"column":6},"end":{"line":238,"column":25}},"146":{"start":{"line":242,"column":26},"end":{"line":251,"column":3}},"147":{"start":{"line":243,"column":4},"end":{"line":243,"column":63}},"148":{"start":{"line":243,"column":56},"end":{"line":243,"column":63}},"149":{"start":{"line":244,"column":16},"end":{"line":248,"column":5}},"150":{"start":{"line":249,"column":4},"end":{"line":249,"column":36}},"151":{"start":{"line":250,"column":4},"end":{"line":250,"column":21}},"152":{"start":{"line":255,"column":24},"end":{"line":257,"column":3}},"153":{"start":{"line":256,"column":4},"end":{"line":256,"column":79}},"154":{"start":{"line":259,"column":27},"end":{"line":263,"column":3}},"155":{"start":{"line":260,"column":20},"end":{"line":260,"column":36}},"156":{"start":{"line":261,"column":4},"end":{"line":261,"column":34}},"157":{"start":{"line":262,"column":4},"end":{"line":262,"column":28}},"158":{"start":{"line":265,"column":25},"end":{"line":267,"column":3}},"159":{"start":{"line":266,"column":4},"end":{"line":266,"column":62}},"160":{"start":{"line":266,"column":48},"end":{"line":266,"column":59}},"161":{"start":{"line":269,"column":21},"end":{"line":310,"column":3}},"162":{"start":{"line":270,"column":4},"end":{"line":270,"column":31}},"163":{"start":{"line":270,"column":24},"end":{"line":270,"column":31}},"164":{"start":{"line":271,"column":4},"end":{"line":271,"column":74}},"165":{"start":{"line":271,"column":34},"end":{"line":271,"column":74}},"166":{"start":{"line":272,"column":4},"end":{"line":272,"column":68}},"167":{"start":{"line":272,"column":30},"end":{"line":272,"column":68}},"168":{"start":{"line":274,"column":4},"end":{"line":309,"column":5}},"169":{"start":{"line":275,"column":31},"end":{"line":293,"column":8}},"170":{"start":{"line":276,"column":8},"end":{"line":278,"column":9}},"171":{"start":{"line":277,"column":10},"end":{"line":277,"column":78}},"172":{"start":{"line":280,"column":22},"end":{"line":280,"column":62}},"173":{"start":{"line":281,"column":20},"end":{"line":281,"column":58}},"174":{"start":{"line":283,"column":8},"end":{"line":285,"column":9}},"175":{"start":{"line":284,"column":10},"end":{"line":284,"column":63}},"176":{"start":{"line":287,"column":8},"end":{"line":292,"column":10}},"177":{"start":{"line":295,"column":18},"end":{"line":300,"column":8}},"178":{"start":{"line":302,"column":6},"end":{"line":302,"column":51}},"179":{"start":{"line":302,"column":18},"end":{"line":302,"column":51}},"180":{"start":{"line":304,"column":6},"end":{"line":304,"column":46}},"181":{"start":{"line":304,"column":25},"end":{"line":304,"column":44}},"182":{"start":{"line":305,"column":6},"end":{"line":305,"column":25}},"183":{"start":{"line":306,"column":6},"end":{"line":306,"column":26}},"184":{"start":{"line":308,"column":6},"end":{"line":308,"column":25}},"185":{"start":{"line":312,"column":19},"end":{"line":323,"column":1}},"186":{"start":{"line":313,"column":2},"end":{"line":322,"column":3}},"187":{"start":{"line":314,"column":4},"end":{"line":316,"column":7}},"188":{"start":{"line":318,"column":4},"end":{"line":318,"column":61}},"189":{"start":{"line":318,"column":23},"end":{"line":318,"column":59}},"190":{"start":{"line":318,"column":42},"end":{"line":318,"column":58}},"191":{"start":{"line":320,"column":4},"end":{"line":320,"column":23}},"192":{"start":{"line":321,"column":4},"end":{"line":321,"column":49}},"193":{"start":{"line":325,"column":17},"end":{"line":344,"column":3}},"194":{"start":{"line":326,"column":4},"end":{"line":343,"column":5}},"195":{"start":{"line":327,"column":18},"end":{"line":331,"column":8}},"196":{"start":{"line":333,"column":6},"end":{"line":335,"column":7}},"197":{"start":{"line":334,"column":8},"end":{"line":334,"column":44}},"198":{"start":{"line":337,"column":6},"end":{"line":339,"column":8}},"199":{"start":{"line":338,"column":8},"end":{"line":338,"column":64}},"200":{"start":{"line":338,"column":25},"end":{"line":338,"column":62}},"201":{"start":{"line":341,"column":6},"end":{"line":341,"column":25}},"202":{"start":{"line":342,"column":6},"end":{"line":342,"column":73}},"203":{"start":{"line":347,"column":2},"end":{"line":372,"column":6}},"204":{"start":{"line":348,"column":4},"end":{"line":372,"column":6}},"205":{"start":{"line":358,"column":27},"end":{"line":358,"column":44}},"206":{"start":{"line":365,"column":27},"end":{"line":365,"column":43}},"207":{"start":{"line":374,"column":2},"end":{"line":410,"column":6}},"208":{"start":{"line":375,"column":4},"end":{"line":410,"column":6}},"209":{"start":{"line":383,"column":31},"end":{"line":383,"column":60}},"210":{"start":{"line":391,"column":33},"end":{"line":391,"column":62}},"211":{"start":{"line":397,"column":61},"end":{"line":397,"column":77}},"212":{"start":{"line":403,"column":27},"end":{"line":403,"column":45}},"213":{"start":{"line":412,"column":2},"end":{"line":438,"column":6}},"214":{"start":{"line":413,"column":4},"end":{"line":438,"column":6}},"215":{"start":{"line":421,"column":31},"end":{"line":421,"column":59}},"216":{"start":{"line":429,"column":33},"end":{"line":429,"column":61}},"217":{"start":{"line":433,"column":59},"end":{"line":433,"column":77}},"218":{"start":{"line":441,"column":2},"end":{"line":542,"column":6}},"219":{"start":{"line":442,"column":4},"end":{"line":542,"column":6}},"220":{"start":{"line":448,"column":35},"end":{"line":448,"column":51}},"221":{"start":{"line":480,"column":14},"end":{"line":495,"column":19}},"222":{"start":{"line":489,"column":41},"end":{"line":489,"column":57}},"223":{"start":{"line":490,"column":41},"end":{"line":490,"column":52}},"224":{"start":{"line":491,"column":64},"end":{"line":491,"column":81}},"225":{"start":{"line":506,"column":14},"end":{"line":516,"column":19}},"226":{"start":{"line":510,"column":41},"end":{"line":510,"column":57}},"227":{"start":{"line":511,"column":41},"end":{"line":511,"column":52}},"228":{"start":{"line":512,"column":64},"end":{"line":512,"column":81}},"229":{"start":{"line":526,"column":16},"end":{"line":536,"column":21}},"230":{"start":{"line":530,"column":43},"end":{"line":530,"column":59}},"231":{"start":{"line":531,"column":43},"end":{"line":531,"column":54}},"232":{"start":{"line":532,"column":66},"end":{"line":532,"column":83}},"233":{"start":{"line":545,"column":2},"end":{"line":636,"column":6}},"234":{"start":{"line":546,"column":4},"end":{"line":636,"column":6}},"235":{"start":{"line":604,"column":14},"end":{"line":627,"column":19}},"236":{"start":{"line":622,"column":35},"end":{"line":622,"column":53}},"237":{"start":{"line":632,"column":57},"end":{"line":632,"column":74}},"238":{"start":{"line":639,"column":2},"end":{"line":680,"column":6}},"239":{"start":{"line":640,"column":4},"end":{"line":680,"column":6}},"240":{"start":{"line":648,"column":14},"end":{"line":672,"column":19}},"241":{"start":{"line":676,"column":57},"end":{"line":676,"column":74}},"242":{"start":{"line":683,"column":2},"end":{"line":811,"column":6}},"243":{"start":{"line":684,"column":4},"end":{"line":811,"column":6}},"244":{"start":{"line":693,"column":14},"end":{"line":695,"column":20}},"245":{"start":{"line":704,"column":31},"end":{"line":704,"column":59}},"246":{"start":{"line":706,"column":33},"end":{"line":706,"column":71}},"247":{"start":{"line":727,"column":31},"end":{"line":727,"column":62}},"248":{"start":{"line":731,"column":14},"end":{"line":755,"column":20}},"249":{"start":{"line":735,"column":35},"end":{"line":735,"column":78}},"250":{"start":{"line":741,"column":35},"end":{"line":741,"column":83}},"251":{"start":{"line":747,"column":35},"end":{"line":747,"column":81}},"252":{"start":{"line":751,"column":33},"end":{"line":751,"column":50}},"253":{"start":{"line":769,"column":12},"end":{"line":803,"column":18}},"254":{"start":{"line":784,"column":18},"end":{"line":792,"column":24}},"255":{"start":{"line":785,"column":62},"end":{"line":785,"column":89}},"256":{"start":{"line":798,"column":33},"end":{"line":798,"column":53}},"257":{"start":{"line":807,"column":57},"end":{"line":807,"column":74}},"258":{"start":{"line":813,"column":2},"end":{"line":813,"column":14}}},"fnMap":{"0":{"name":"App","decl":{"start":{"line":10,"column":9},"end":{"line":10,"column":12}},"loc":{"start":{"line":10,"column":15},"end":{"line":814,"column":1}},"line":10},"1":{"name":"(anonymous_1)","decl":{"start":{"line":40,"column":47},"end":{"line":40,"column":48}},"loc":{"start":{"line":40,"column":54},"end":{"line":40,"column":70}},"line":40},"2":{"name":"(anonymous_2)","decl":{"start":{"line":50,"column":23},"end":{"line":50,"column":24}},"loc":{"start":{"line":51,"column":4},"end":{"line":51,"column":57}},"line":51},"3":{"name":"(anonymous_3)","decl":{"start":{"line":53,"column":28},"end":{"line":53,"column":29}},"loc":{"start":{"line":54,"column":4},"end":{"line":54,"column":67}},"line":54},"4":{"name":"(anonymous_4)","decl":{"start":{"line":56,"column":17},"end":{"line":56,"column":18}},"loc":{"start":{"line":56,"column":29},"end":{"line":65,"column":3}},"line":56},"5":{"name":"(anonymous_5)","decl":{"start":{"line":67,"column":16},"end":{"line":67,"column":17}},"loc":{"start":{"line":67,"column":28},"end":{"line":80,"column":3}},"line":67},"6":{"name":"(anonymous_6)","decl":{"start":{"line":82,"column":22},"end":{"line":82,"column":23}},"loc":{"start":{"line":82,"column":36},"end":{"line":90,"column":3}},"line":82},"7":{"name":"(anonymous_7)","decl":{"start":{"line":92,"column":22},"end":{"line":92,"column":23}},"loc":{"start":{"line":92,"column":34},"end":{"line":106,"column":3}},"line":92},"8":{"name":"(anonymous_8)","decl":{"start":{"line":108,"column":20},"end":{"line":108,"column":21}},"loc":{"start":{"line":108,"column":32},"end":{"line":117,"column":3}},"line":108},"9":{"name":"(anonymous_9)","decl":{"start":{"line":119,"column":21},"end":{"line":119,"column":22}},"loc":{"start":{"line":119,"column":40},"end":{"line":129,"column":3}},"line":119},"10":{"name":"(anonymous_10)","decl":{"start":{"line":131,"column":24},"end":{"line":131,"column":25}},"loc":{"start":{"line":131,"column":41},"end":{"line":141,"column":3}},"line":131},"11":{"name":"(anonymous_11)","decl":{"start":{"line":143,"column":22},"end":{"line":143,"column":23}},"loc":{"start":{"line":143,"column":34},"end":{"line":177,"column":3}},"line":143},"12":{"name":"(anonymous_12)","decl":{"start":{"line":179,"column":22},"end":{"line":179,"column":23}},"loc":{"start":{"line":179,"column":41},"end":{"line":188,"column":3}},"line":179},"13":{"name":"(anonymous_13)","decl":{"start":{"line":183,"column":16},"end":{"line":183,"column":17}},"loc":{"start":{"line":183,"column":26},"end":{"line":183,"column":63}},"line":183},"14":{"name":"(anonymous_14)","decl":{"start":{"line":183,"column":38},"end":{"line":183,"column":39}},"loc":{"start":{"line":183,"column":45},"end":{"line":183,"column":62}},"line":183},"15":{"name":"(anonymous_15)","decl":{"start":{"line":190,"column":28},"end":{"line":190,"column":29}},"loc":{"start":{"line":190,"column":40},"end":{"line":199,"column":3}},"line":190},"16":{"name":"(anonymous_16)","decl":{"start":{"line":201,"column":19},"end":{"line":201,"column":20}},"loc":{"start":{"line":201,"column":36},"end":{"line":240,"column":3}},"line":201},"17":{"name":"(anonymous_17)","decl":{"start":{"line":211,"column":34},"end":{"line":211,"column":35}},"loc":{"start":{"line":211,"column":43},"end":{"line":213,"column":7}},"line":211},"18":{"name":"(anonymous_18)","decl":{"start":{"line":212,"column":20},"end":{"line":212,"column":21}},"loc":{"start":{"line":212,"column":30},"end":{"line":212,"column":44}},"line":212},"19":{"name":"(anonymous_19)","decl":{"start":{"line":215,"column":30},"end":{"line":215,"column":31}},"loc":{"start":{"line":215,"column":40},"end":{"line":223,"column":7}},"line":215},"20":{"name":"(anonymous_20)","decl":{"start":{"line":216,"column":17},"end":{"line":216,"column":18}},"loc":{"start":{"line":216,"column":27},"end":{"line":222,"column":9}},"line":216},"21":{"name":"(anonymous_21)","decl":{"start":{"line":217,"column":37},"end":{"line":217,"column":38}},"loc":{"start":{"line":217,"column":44},"end":{"line":217,"column":62}},"line":217},"22":{"name":"(anonymous_22)","decl":{"start":{"line":219,"column":28},"end":{"line":219,"column":29}},"loc":{"start":{"line":219,"column":36},"end":{"line":219,"column":65}},"line":219},"23":{"name":"(anonymous_23)","decl":{"start":{"line":225,"column":33},"end":{"line":225,"column":34}},"loc":{"start":{"line":225,"column":43},"end":{"line":227,"column":7}},"line":225},"24":{"name":"(anonymous_24)","decl":{"start":{"line":226,"column":17},"end":{"line":226,"column":18}},"loc":{"start":{"line":226,"column":27},"end":{"line":226,"column":75}},"line":226},"25":{"name":"(anonymous_25)","decl":{"start":{"line":226,"column":36},"end":{"line":226,"column":37}},"loc":{"start":{"line":226,"column":44},"end":{"line":226,"column":73}},"line":226},"26":{"name":"(anonymous_26)","decl":{"start":{"line":242,"column":26},"end":{"line":242,"column":27}},"loc":{"start":{"line":242,"column":32},"end":{"line":251,"column":3}},"line":242},"27":{"name":"(anonymous_27)","decl":{"start":{"line":255,"column":24},"end":{"line":255,"column":25}},"loc":{"start":{"line":255,"column":30},"end":{"line":257,"column":3}},"line":255},"28":{"name":"(anonymous_28)","decl":{"start":{"line":259,"column":27},"end":{"line":259,"column":28}},"loc":{"start":{"line":259,"column":52},"end":{"line":263,"column":3}},"line":259},"29":{"name":"(anonymous_29)","decl":{"start":{"line":265,"column":25},"end":{"line":265,"column":26}},"loc":{"start":{"line":265,"column":36},"end":{"line":267,"column":3}},"line":265},"30":{"name":"(anonymous_30)","decl":{"start":{"line":266,"column":38},"end":{"line":266,"column":39}},"loc":{"start":{"line":266,"column":48},"end":{"line":266,"column":59}},"line":266},"31":{"name":"(anonymous_31)","decl":{"start":{"line":269,"column":21},"end":{"line":269,"column":22}},"loc":{"start":{"line":269,"column":33},"end":{"line":310,"column":3}},"line":269},"32":{"name":"(anonymous_32)","decl":{"start":{"line":275,"column":47},"end":{"line":275,"column":48}},"loc":{"start":{"line":275,"column":56},"end":{"line":293,"column":7}},"line":275},"33":{"name":"(anonymous_33)","decl":{"start":{"line":304,"column":15},"end":{"line":304,"column":16}},"loc":{"start":{"line":304,"column":25},"end":{"line":304,"column":44}},"line":304},"34":{"name":"(anonymous_34)","decl":{"start":{"line":312,"column":19},"end":{"line":312,"column":20}},"loc":{"start":{"line":312,"column":37},"end":{"line":323,"column":1}},"line":312},"35":{"name":"(anonymous_35)","decl":{"start":{"line":318,"column":13},"end":{"line":318,"column":14}},"loc":{"start":{"line":318,"column":23},"end":{"line":318,"column":59}},"line":318},"36":{"name":"(anonymous_36)","decl":{"start":{"line":318,"column":35},"end":{"line":318,"column":36}},"loc":{"start":{"line":318,"column":42},"end":{"line":318,"column":58}},"line":318},"37":{"name":"(anonymous_37)","decl":{"start":{"line":325,"column":17},"end":{"line":325,"column":18}},"loc":{"start":{"line":325,"column":45},"end":{"line":344,"column":3}},"line":325},"38":{"name":"(anonymous_38)","decl":{"start":{"line":337,"column":15},"end":{"line":337,"column":16}},"loc":{"start":{"line":338,"column":8},"end":{"line":338,"column":64}},"line":338},"39":{"name":"(anonymous_39)","decl":{"start":{"line":338,"column":17},"end":{"line":338,"column":18}},"loc":{"start":{"line":338,"column":25},"end":{"line":338,"column":62}},"line":338},"40":{"name":"(anonymous_40)","decl":{"start":{"line":358,"column":21},"end":{"line":358,"column":22}},"loc":{"start":{"line":358,"column":27},"end":{"line":358,"column":44}},"line":358},"41":{"name":"(anonymous_41)","decl":{"start":{"line":365,"column":21},"end":{"line":365,"column":22}},"loc":{"start":{"line":365,"column":27},"end":{"line":365,"column":43}},"line":365},"42":{"name":"(anonymous_42)","decl":{"start":{"line":383,"column":24},"end":{"line":383,"column":25}},"loc":{"start":{"line":383,"column":31},"end":{"line":383,"column":60}},"line":383},"43":{"name":"(anonymous_43)","decl":{"start":{"line":391,"column":26},"end":{"line":391,"column":27}},"loc":{"start":{"line":391,"column":33},"end":{"line":391,"column":62}},"line":391},"44":{"name":"(anonymous_44)","decl":{"start":{"line":397,"column":55},"end":{"line":397,"column":56}},"loc":{"start":{"line":397,"column":61},"end":{"line":397,"column":77}},"line":397},"45":{"name":"(anonymous_45)","decl":{"start":{"line":403,"column":21},"end":{"line":403,"column":22}},"loc":{"start":{"line":403,"column":27},"end":{"line":403,"column":45}},"line":403},"46":{"name":"(anonymous_46)","decl":{"start":{"line":421,"column":24},"end":{"line":421,"column":25}},"loc":{"start":{"line":421,"column":31},"end":{"line":421,"column":59}},"line":421},"47":{"name":"(anonymous_47)","decl":{"start":{"line":429,"column":26},"end":{"line":429,"column":27}},"loc":{"start":{"line":429,"column":33},"end":{"line":429,"column":61}},"line":429},"48":{"name":"(anonymous_48)","decl":{"start":{"line":433,"column":53},"end":{"line":433,"column":54}},"loc":{"start":{"line":433,"column":59},"end":{"line":433,"column":77}},"line":433},"49":{"name":"(anonymous_49)","decl":{"start":{"line":448,"column":29},"end":{"line":448,"column":30}},"loc":{"start":{"line":448,"column":35},"end":{"line":448,"column":51}},"line":448},"50":{"name":"(anonymous_50)","decl":{"start":{"line":479,"column":32},"end":{"line":479,"column":33}},"loc":{"start":{"line":480,"column":14},"end":{"line":495,"column":19}},"line":480},"51":{"name":"(anonymous_51)","decl":{"start":{"line":489,"column":35},"end":{"line":489,"column":36}},"loc":{"start":{"line":489,"column":41},"end":{"line":489,"column":57}},"line":489},"52":{"name":"(anonymous_52)","decl":{"start":{"line":490,"column":35},"end":{"line":490,"column":36}},"loc":{"start":{"line":490,"column":41},"end":{"line":490,"column":52}},"line":490},"53":{"name":"(anonymous_53)","decl":{"start":{"line":491,"column":58},"end":{"line":491,"column":59}},"loc":{"start":{"line":491,"column":64},"end":{"line":491,"column":81}},"line":491},"54":{"name":"(anonymous_54)","decl":{"start":{"line":505,"column":31},"end":{"line":505,"column":32}},"loc":{"start":{"line":506,"column":14},"end":{"line":516,"column":19}},"line":506},"55":{"name":"(anonymous_55)","decl":{"start":{"line":510,"column":35},"end":{"line":510,"column":36}},"loc":{"start":{"line":510,"column":41},"end":{"line":510,"column":57}},"line":510},"56":{"name":"(anonymous_56)","decl":{"start":{"line":511,"column":35},"end":{"line":511,"column":36}},"loc":{"start":{"line":511,"column":41},"end":{"line":511,"column":52}},"line":511},"57":{"name":"(anonymous_57)","decl":{"start":{"line":512,"column":58},"end":{"line":512,"column":59}},"loc":{"start":{"line":512,"column":64},"end":{"line":512,"column":81}},"line":512},"58":{"name":"(anonymous_58)","decl":{"start":{"line":525,"column":32},"end":{"line":525,"column":33}},"loc":{"start":{"line":526,"column":16},"end":{"line":536,"column":21}},"line":526},"59":{"name":"(anonymous_59)","decl":{"start":{"line":530,"column":37},"end":{"line":530,"column":38}},"loc":{"start":{"line":530,"column":43},"end":{"line":530,"column":59}},"line":530},"60":{"name":"(anonymous_60)","decl":{"start":{"line":531,"column":37},"end":{"line":531,"column":38}},"loc":{"start":{"line":531,"column":43},"end":{"line":531,"column":54}},"line":531},"61":{"name":"(anonymous_61)","decl":{"start":{"line":532,"column":60},"end":{"line":532,"column":61}},"loc":{"start":{"line":532,"column":66},"end":{"line":532,"column":83}},"line":532},"62":{"name":"(anonymous_62)","decl":{"start":{"line":603,"column":24},"end":{"line":603,"column":25}},"loc":{"start":{"line":604,"column":14},"end":{"line":627,"column":19}},"line":604},"63":{"name":"(anonymous_63)","decl":{"start":{"line":622,"column":29},"end":{"line":622,"column":30}},"loc":{"start":{"line":622,"column":35},"end":{"line":622,"column":53}},"line":622},"64":{"name":"(anonymous_64)","decl":{"start":{"line":632,"column":51},"end":{"line":632,"column":52}},"loc":{"start":{"line":632,"column":57},"end":{"line":632,"column":74}},"line":632},"65":{"name":"(anonymous_65)","decl":{"start":{"line":647,"column":31},"end":{"line":647,"column":32}},"loc":{"start":{"line":648,"column":14},"end":{"line":672,"column":19}},"line":648},"66":{"name":"(anonymous_66)","decl":{"start":{"line":676,"column":51},"end":{"line":676,"column":52}},"loc":{"start":{"line":676,"column":57},"end":{"line":676,"column":74}},"line":676},"67":{"name":"(anonymous_67)","decl":{"start":{"line":692,"column":25},"end":{"line":692,"column":26}},"loc":{"start":{"line":693,"column":14},"end":{"line":695,"column":20}},"line":693},"68":{"name":"(anonymous_68)","decl":{"start":{"line":704,"column":24},"end":{"line":704,"column":25}},"loc":{"start":{"line":704,"column":31},"end":{"line":704,"column":59}},"line":704},"69":{"name":"(anonymous_69)","decl":{"start":{"line":706,"column":26},"end":{"line":706,"column":27}},"loc":{"start":{"line":706,"column":33},"end":{"line":706,"column":71}},"line":706},"70":{"name":"(anonymous_70)","decl":{"start":{"line":727,"column":24},"end":{"line":727,"column":25}},"loc":{"start":{"line":727,"column":31},"end":{"line":727,"column":62}},"line":727},"71":{"name":"(anonymous_71)","decl":{"start":{"line":730,"column":29},"end":{"line":730,"column":30}},"loc":{"start":{"line":731,"column":14},"end":{"line":755,"column":20}},"line":731},"72":{"name":"(anonymous_72)","decl":{"start":{"line":735,"column":28},"end":{"line":735,"column":29}},"loc":{"start":{"line":735,"column":35},"end":{"line":735,"column":78}},"line":735},"73":{"name":"(anonymous_73)","decl":{"start":{"line":741,"column":28},"end":{"line":741,"column":29}},"loc":{"start":{"line":741,"column":35},"end":{"line":741,"column":83}},"line":741},"74":{"name":"(anonymous_74)","decl":{"start":{"line":747,"column":28},"end":{"line":747,"column":29}},"loc":{"start":{"line":747,"column":35},"end":{"line":747,"column":81}},"line":747},"75":{"name":"(anonymous_75)","decl":{"start":{"line":751,"column":27},"end":{"line":751,"column":28}},"loc":{"start":{"line":751,"column":33},"end":{"line":751,"column":50}},"line":751},"76":{"name":"(anonymous_76)","decl":{"start":{"line":768,"column":20},"end":{"line":768,"column":21}},"loc":{"start":{"line":769,"column":12},"end":{"line":803,"column":18}},"line":769},"77":{"name":"(anonymous_77)","decl":{"start":{"line":783,"column":33},"end":{"line":783,"column":34}},"loc":{"start":{"line":784,"column":18},"end":{"line":792,"column":24}},"line":784},"78":{"name":"(anonymous_78)","decl":{"start":{"line":785,"column":56},"end":{"line":785,"column":57}},"loc":{"start":{"line":785,"column":62},"end":{"line":785,"column":89}},"line":785},"79":{"name":"(anonymous_79)","decl":{"start":{"line":798,"column":27},"end":{"line":798,"column":28}},"loc":{"start":{"line":798,"column":33},"end":{"line":798,"column":53}},"line":798},"80":{"name":"(anonymous_80)","decl":{"start":{"line":807,"column":51},"end":{"line":807,"column":52}},"loc":{"start":{"line":807,"column":57},"end":{"line":807,"column":74}},"line":807}},"branchMap":{"0":{"loc":{"start":{"line":6,"column":12},"end":{"line":6,"column":72}},"type":"binary-expr","locations":[{"start":{"line":6,"column":12},"end":{"line":6,"column":41}},{"start":{"line":6,"column":45},"end":{"line":6,"column":72}}],"line":6},"1":{"loc":{"start":{"line":8,"column":19},"end":{"line":8,"column":78}},"type":"binary-expr","locations":[{"start":{"line":8,"column":19},"end":{"line":8,"column":51}},{"start":{"line":8,"column":55},"end":{"line":8,"column":78}}],"line":8},"2":{"loc":{"start":{"line":37,"column":4},"end":{"line":38,"column":79}},"type":"binary-expr","locations":[{"start":{"line":37,"column":4},"end":{"line":37,"column":17}},{"start":{"line":38,"column":5},"end":{"line":38,"column":37}},{"start":{"line":38,"column":41},"end":{"line":38,"column":78}}],"line":37},"3":{"loc":{"start":{"line":40,"column":4},"end":{"line":40,"column":71}},"type":"binary-expr","locations":[{"start":{"line":40,"column":4},"end":{"line":40,"column":17}},{"start":{"line":40,"column":21},"end":{"line":40,"column":71}}],"line":40},"4":{"loc":{"start":{"line":63,"column":22},"end":{"line":63,"column":68}},"type":"binary-expr","locations":[{"start":{"line":63,"column":22},"end":{"line":63,"column":49}},{"start":{"line":63,"column":53},"end":{"line":63,"column":68}}],"line":63},"5":{"loc":{"start":{"line":78,"column":22},"end":{"line":78,"column":67}},"type":"binary-expr","locations":[{"start":{"line":78,"column":22},"end":{"line":78,"column":49}},{"start":{"line":78,"column":53},"end":{"line":78,"column":67}}],"line":78},"6":{"loc":{"start":{"line":104,"column":22},"end":{"line":104,"column":77}},"type":"binary-expr","locations":[{"start":{"line":104,"column":22},"end":{"line":104,"column":49}},{"start":{"line":104,"column":53},"end":{"line":104,"column":77}}],"line":104},"7":{"loc":{"start":{"line":115,"column":22},"end":{"line":115,"column":75}},"type":"binary-expr","locations":[{"start":{"line":115,"column":22},"end":{"line":115,"column":49}},{"start":{"line":115,"column":53},"end":{"line":115,"column":75}}],"line":115},"8":{"loc":{"start":{"line":120,"column":4},"end":{"line":120,"column":78}},"type":"if","locations":[{"start":{"line":120,"column":4},"end":{"line":120,"column":78}},{"start":{},"end":{}}],"line":120},"9":{"loc":{"start":{"line":127,"column":22},"end":{"line":127,"column":76}},"type":"binary-expr","locations":[{"start":{"line":127,"column":22},"end":{"line":127,"column":49}},{"start":{"line":127,"column":53},"end":{"line":127,"column":76}}],"line":127},"10":{"loc":{"start":{"line":144,"column":4},"end":{"line":144,"column":31}},"type":"if","locations":[{"start":{"line":144,"column":4},"end":{"line":144,"column":31}},{"start":{},"end":{}}],"line":144},"11":{"loc":{"start":{"line":147,"column":4},"end":{"line":150,"column":5}},"type":"if","locations":[{"start":{"line":147,"column":4},"end":{"line":150,"column":5}},{"start":{},"end":{}}],"line":147},"12":{"loc":{"start":{"line":147,"column":8},"end":{"line":147,"column":39}},"type":"binary-expr","locations":[{"start":{"line":147,"column":8},"end":{"line":147,"column":13}},{"start":{"line":147,"column":17},"end":{"line":147,"column":27}},{"start":{"line":147,"column":31},"end":{"line":147,"column":39}}],"line":147},"13":{"loc":{"start":{"line":155,"column":4},"end":{"line":158,"column":5}},"type":"if","locations":[{"start":{"line":155,"column":4},"end":{"line":158,"column":5}},{"start":{},"end":{}}],"line":155},"14":{"loc":{"start":{"line":180,"column":4},"end":{"line":180,"column":54}},"type":"if","locations":[{"start":{"line":180,"column":4},"end":{"line":180,"column":54}},{"start":{},"end":{}}],"line":180},"15":{"loc":{"start":{"line":207,"column":4},"end":{"line":232,"column":5}},"type":"if","locations":[{"start":{"line":207,"column":4},"end":{"line":232,"column":5}},{"start":{"line":230,"column":11},"end":{"line":232,"column":5}}],"line":207},"16":{"loc":{"start":{"line":218,"column":10},"end":{"line":220,"column":11}},"type":"if","locations":[{"start":{"line":218,"column":10},"end":{"line":220,"column":11}},{"start":{},"end":{}}],"line":218},"17":{"loc":{"start":{"line":219,"column":36},"end":{"line":219,"column":65}},"type":"cond-expr","locations":[{"start":{"line":219,"column":57},"end":{"line":219,"column":61}},{"start":{"line":219,"column":64},"end":{"line":219,"column":65}}],"line":219},"18":{"loc":{"start":{"line":226,"column":44},"end":{"line":226,"column":73}},"type":"cond-expr","locations":[{"start":{"line":226,"column":65},"end":{"line":226,"column":69}},{"start":{"line":226,"column":72},"end":{"line":226,"column":73}}],"line":226},"19":{"loc":{"start":{"line":243,"column":4},"end":{"line":243,"column":63}},"type":"if","locations":[{"start":{"line":243,"column":4},"end":{"line":243,"column":63}},{"start":{},"end":{}}],"line":243},"20":{"loc":{"start":{"line":243,"column":8},"end":{"line":243,"column":54}},"type":"binary-expr","locations":[{"start":{"line":243,"column":8},"end":{"line":243,"column":25}},{"start":{"line":243,"column":29},"end":{"line":243,"column":36}},{"start":{"line":243,"column":40},"end":{"line":243,"column":54}}],"line":243},"21":{"loc":{"start":{"line":270,"column":4},"end":{"line":270,"column":31}},"type":"if","locations":[{"start":{"line":270,"column":4},"end":{"line":270,"column":31}},{"start":{},"end":{}}],"line":270},"22":{"loc":{"start":{"line":271,"column":4},"end":{"line":271,"column":74}},"type":"if","locations":[{"start":{"line":271,"column":4},"end":{"line":271,"column":74}},{"start":{},"end":{}}],"line":271},"23":{"loc":{"start":{"line":272,"column":4},"end":{"line":272,"column":68}},"type":"if","locations":[{"start":{"line":272,"column":4},"end":{"line":272,"column":68}},{"start":{},"end":{}}],"line":272},"24":{"loc":{"start":{"line":276,"column":8},"end":{"line":278,"column":9}},"type":"if","locations":[{"start":{"line":276,"column":8},"end":{"line":278,"column":9}},{"start":{},"end":{}}],"line":276},"25":{"loc":{"start":{"line":276,"column":12},"end":{"line":276,"column":55}},"type":"binary-expr","locations":[{"start":{"line":276,"column":12},"end":{"line":276,"column":21}},{"start":{"line":276,"column":25},"end":{"line":276,"column":39}},{"start":{"line":276,"column":43},"end":{"line":276,"column":55}}],"line":276},"26":{"loc":{"start":{"line":283,"column":8},"end":{"line":285,"column":9}},"type":"if","locations":[{"start":{"line":283,"column":8},"end":{"line":285,"column":9}},{"start":{},"end":{}}],"line":283},"27":{"loc":{"start":{"line":302,"column":6},"end":{"line":302,"column":51}},"type":"if","locations":[{"start":{"line":302,"column":6},"end":{"line":302,"column":51}},{"start":{},"end":{}}],"line":302},"28":{"loc":{"start":{"line":333,"column":6},"end":{"line":335,"column":7}},"type":"if","locations":[{"start":{"line":333,"column":6},"end":{"line":335,"column":7}},{"start":{},"end":{}}],"line":333},"29":{"loc":{"start":{"line":338,"column":25},"end":{"line":338,"column":62}},"type":"cond-expr","locations":[{"start":{"line":338,"column":50},"end":{"line":338,"column":58}},{"start":{"line":338,"column":61},"end":{"line":338,"column":62}}],"line":338},"30":{"loc":{"start":{"line":342,"column":22},"end":{"line":342,"column":69}},"type":"binary-expr","locations":[{"start":{"line":342,"column":22},"end":{"line":342,"column":49}},{"start":{"line":342,"column":53},"end":{"line":342,"column":69}}],"line":342},"31":{"loc":{"start":{"line":347,"column":2},"end":{"line":372,"column":6}},"type":"if","locations":[{"start":{"line":347,"column":2},"end":{"line":372,"column":6}},{"start":{},"end":{}}],"line":347},"32":{"loc":{"start":{"line":374,"column":2},"end":{"line":410,"column":6}},"type":"if","locations":[{"start":{"line":374,"column":2},"end":{"line":410,"column":6}},{"start":{},"end":{}}],"line":374},"33":{"loc":{"start":{"line":383,"column":31},"end":{"line":383,"column":60}},"type":"binary-expr","locations":[{"start":{"line":383,"column":31},"end":{"line":383,"column":48}},{"start":{"line":383,"column":52},"end":{"line":383,"column":60}}],"line":383},"34":{"loc":{"start":{"line":387,"column":20},"end":{"line":387,"column":54}},"type":"cond-expr","locations":[{"start":{"line":387,"column":35},"end":{"line":387,"column":41}},{"start":{"line":387,"column":44},"end":{"line":387,"column":54}}],"line":387},"35":{"loc":{"start":{"line":391,"column":33},"end":{"line":391,"column":62}},"type":"binary-expr","locations":[{"start":{"line":391,"column":33},"end":{"line":391,"column":50}},{"start":{"line":391,"column":54},"end":{"line":391,"column":62}}],"line":391},"36":{"loc":{"start":{"line":412,"column":2},"end":{"line":438,"column":6}},"type":"if","locations":[{"start":{"line":412,"column":2},"end":{"line":438,"column":6}},{"start":{},"end":{}}],"line":412},"37":{"loc":{"start":{"line":421,"column":31},"end":{"line":421,"column":59}},"type":"binary-expr","locations":[{"start":{"line":421,"column":31},"end":{"line":421,"column":48}},{"start":{"line":421,"column":52},"end":{"line":421,"column":59}}],"line":421},"38":{"loc":{"start":{"line":425,"column":20},"end":{"line":425,"column":54}},"type":"cond-expr","locations":[{"start":{"line":425,"column":35},"end":{"line":425,"column":41}},{"start":{"line":425,"column":44},"end":{"line":425,"column":54}}],"line":425},"39":{"loc":{"start":{"line":429,"column":33},"end":{"line":429,"column":61}},"type":"binary-expr","locations":[{"start":{"line":429,"column":33},"end":{"line":429,"column":50}},{"start":{"line":429,"column":54},"end":{"line":429,"column":61}}],"line":429},"40":{"loc":{"start":{"line":441,"column":2},"end":{"line":542,"column":6}},"type":"if","locations":[{"start":{"line":441,"column":2},"end":{"line":542,"column":6}},{"start":{},"end":{}}],"line":441},"41":{"loc":{"start":{"line":475,"column":9},"end":{"line":498,"column":9}},"type":"cond-expr","locations":[{"start":{"line":476,"column":10},"end":{"line":476,"column":61}},{"start":{"line":478,"column":10},"end":{"line":497,"column":15}}],"line":475},"42":{"loc":{"start":{"line":501,"column":9},"end":{"line":519,"column":9}},"type":"cond-expr","locations":[{"start":{"line":502,"column":10},"end":{"line":502,"column":60}},{"start":{"line":504,"column":10},"end":{"line":518,"column":15}}],"line":501},"43":{"loc":{"start":{"line":521,"column":9},"end":{"line":540,"column":9}},"type":"binary-expr","locations":[{"start":{"line":521,"column":9},"end":{"line":521,"column":21}},{"start":{"line":521,"column":25},"end":{"line":521,"column":48}},{"start":{"line":522,"column":10},"end":{"line":539,"column":13}}],"line":521},"44":{"loc":{"start":{"line":545,"column":2},"end":{"line":636,"column":6}},"type":"if","locations":[{"start":{"line":545,"column":2},"end":{"line":636,"column":6}},{"start":{},"end":{}}],"line":545},"45":{"loc":{"start":{"line":550,"column":9},"end":{"line":596,"column":9}},"type":"binary-expr","locations":[{"start":{"line":550,"column":9},"end":{"line":550,"column":21}},{"start":{"line":551,"column":10},"end":{"line":595,"column":16}}],"line":550},"46":{"loc":{"start":{"line":599,"column":9},"end":{"line":630,"column":9}},"type":"cond-expr","locations":[{"start":{"line":600,"column":10},"end":{"line":600,"column":63}},{"start":{"line":602,"column":10},"end":{"line":629,"column":15}}],"line":599},"47":{"loc":{"start":{"line":619,"column":17},"end":{"line":626,"column":17}},"type":"binary-expr","locations":[{"start":{"line":619,"column":17},"end":{"line":619,"column":29}},{"start":{"line":620,"column":18},"end":{"line":625,"column":27}}],"line":619},"48":{"loc":{"start":{"line":639,"column":2},"end":{"line":680,"column":6}},"type":"if","locations":[{"start":{"line":639,"column":2},"end":{"line":680,"column":6}},{"start":{},"end":{}}],"line":639},"49":{"loc":{"start":{"line":643,"column":9},"end":{"line":675,"column":9}},"type":"cond-expr","locations":[{"start":{"line":644,"column":10},"end":{"line":644,"column":63}},{"start":{"line":646,"column":10},"end":{"line":674,"column":15}}],"line":643},"50":{"loc":{"start":{"line":683,"column":2},"end":{"line":811,"column":6}},"type":"if","locations":[{"start":{"line":683,"column":2},"end":{"line":811,"column":6}},{"start":{},"end":{}}],"line":683},"51":{"loc":{"start":{"line":689,"column":11},"end":{"line":697,"column":11}},"type":"cond-expr","locations":[{"start":{"line":690,"column":12},"end":{"line":690,"column":82}},{"start":{"line":692,"column":12},"end":{"line":696,"column":14}}],"line":689},"52":{"loc":{"start":{"line":700,"column":9},"end":{"line":714,"column":9}},"type":"cond-expr","locations":[{"start":{"line":701,"column":10},"end":{"line":709,"column":16}},{"start":{"line":711,"column":10},"end":{"line":713,"column":14}}],"line":700},"53":{"loc":{"start":{"line":706,"column":33},"end":{"line":706,"column":71}},"type":"binary-expr","locations":[{"start":{"line":706,"column":33},"end":{"line":706,"column":50}},{"start":{"line":706,"column":54},"end":{"line":706,"column":71}}],"line":706},"54":{"loc":{"start":{"line":720,"column":9},"end":{"line":763,"column":9}},"type":"binary-expr","locations":[{"start":{"line":720,"column":9},"end":{"line":720,"column":21}},{"start":{"line":721,"column":10},"end":{"line":762,"column":16}}],"line":720},"55":{"loc":{"start":{"line":765,"column":9},"end":{"line":805,"column":9}},"type":"cond-expr","locations":[{"start":{"line":766,"column":10},"end":{"line":766,"column":52}},{"start":{"line":768,"column":10},"end":{"line":804,"column":12}}],"line":765},"56":{"loc":{"start":{"line":770,"column":21},"end":{"line":770,"column":61}},"type":"binary-expr","locations":[{"start":{"line":770,"column":21},"end":{"line":770,"column":34}},{"start":{"line":770,"column":38},"end":{"line":770,"column":61}}],"line":770},"57":{"loc":{"start":{"line":772,"column":15},"end":{"line":780,"column":15}},"type":"binary-expr","locations":[{"start":{"line":772,"column":15},"end":{"line":772,"column":28}},{"start":{"line":772,"column":32},"end":{"line":772,"column":48}},{"start":{"line":773,"column":16},"end":{"line":779,"column":20}}],"line":772},"58":{"loc":{"start":{"line":782,"column":15},"end":{"line":793,"column":18}},"type":"binary-expr","locations":[{"start":{"line":782,"column":15},"end":{"line":782,"column":29}},{"start":{"line":783,"column":16},"end":{"line":793,"column":18}}],"line":782},"59":{"loc":{"start":{"line":790,"column":46},"end":{"line":790,"column":79}},"type":"cond-expr","locations":[{"start":{"line":790,"column":71},"end":{"line":790,"column":74}},{"start":{"line":790,"column":77},"end":{"line":790,"column":79}}],"line":790},"60":{"loc":{"start":{"line":795,"column":15},"end":{"line":802,"column":15}},"type":"binary-expr","locations":[{"start":{"line":795,"column":15},"end":{"line":795,"column":40}},{"start":{"line":796,"column":16},"end":{"line":801,"column":25}}],"line":795}},"s":{"0":2,"1":2,"2":3,"3":3,"4":3,"5":3,"6":3,"7":3,"8":3,"9":3,"10":3,"11":3,"12":3,"13":3,"14":0,"15":3,"16":3,"17":3,"18":3,"19":3,"20":3,"21":3,"22":0,"23":3,"24":0,"25":3,"26":0,"27":0,"28":0,"29":0,"30":0,"31":0,"32":3,"33":0,"34":0,"35":0,"36":0,"37":0,"38":0,"39":0,"40":0,"41":0,"42":0,"43":3,"44":0,"45":0,"46":0,"47":0,"48":0,"49":3,"50":0,"51":0,"52":0,"53":0,"54":0,"55":0,"56":3,"57":0,"58":0,"59":0,"60":0,"61":0,"62":0,"63":3,"64":0,"65":0,"66":0,"67":0,"68":0,"69":0,"70":0,"71":0,"72":3,"73":0,"74":0,"75":0,"76":0,"77":0,"78":0,"79":0,"80":3,"81":0,"82":0,"83":0,"84":0,"85":0,"86":0,"87":0,"88":0,"89":0,"90":0,"91":0,"92":0,"93":0,"94":0,"95":0,"96":0,"97":0,"98":0,"99":0,"100":3,"101":0,"102":0,"103":0,"104":0,"105":0,"106":0,"107":0,"108":0,"109":0,"110":3,"111":0,"112":0,"113":0,"114":0,"115":0,"116":0,"117":3,"118":0,"119":0,"120":0,"121":0,"122":0,"123":0,"124":0,"125":0,"126":0,"127":0,"128":0,"129":0,"130":0,"131":0,"132":0,"133":0,"134":0,"135":0,"136":0,"137":0,"138":0,"139":0,"140":0,"141":0,"142":0,"143":0,"144":0,"145":0,"146":3,"147":0,"148":0,"149":0,"150":0,"151":0,"152":3,"153":0,"154":3,"155":0,"156":0,"157":0,"158":3,"159":0,"160":0,"161":3,"162":0,"163":0,"164":0,"165":0,"166":0,"167":0,"168":0,"169":0,"170":0,"171":0,"172":0,"173":0,"174":0,"175":0,"176":0,"177":0,"178":0,"179":0,"180":0,"181":0,"182":0,"183":0,"184":0,"185":3,"186":0,"187":0,"188":0,"189":0,"190":0,"191":0,"192":0,"193":3,"194":0,"195":0,"196":0,"197":0,"198":0,"199":0,"200":0,"201":0,"202":0,"203":3,"204":2,"205":0,"206":1,"207":1,"208":0,"209":0,"210":0,"211":0,"212":0,"213":1,"214":1,"215":0,"216":0,"217":0,"218":0,"219":0,"220":0,"221":0,"222":0,"223":0,"224":0,"225":0,"226":0,"227":0,"228":0,"229":0,"230":0,"231":0,"232":0,"233":0,"234":0,"235":0,"236":0,"237":0,"238":0,"239":0,"240":0,"241":0,"242":0,"243":0,"244":0,"245":0,"246":0,"247":0,"248":0,"249":0,"250":0,"251":0,"252":0,"253":0,"254":0,"255":0,"256":0,"257":0,"258":0},"f":{"0":3,"1":0,"2":0,"3":0,"4":0,"5":0,"6":0,"7":0,"8":0,"9":0,"10":0,"11":0,"12":0,"13":0,"14":0,"15":0,"16":0,"17":0,"18":0,"19":0,"20":0,"21":0,"22":0,"23":0,"24":0,"25":0,"26":0,"27":0,"28":0,"29":0,"30":0,"31":0,"32":0,"33":0,"34":0,"35":0,"36":0,"37":0,"38":0,"39":0,"40":0,"41":1,"42":0,"43":0,"44":0,"45":0,"46":0,"47":0,"48":0,"49":0,"50":0,"51":0,"52":0,"53":0,"54":0,"55":0,"56":0,"57":0,"58":0,"59":0,"60":0,"61":0,"62":0,"63":0,"64":0,"65":0,"66":0,"67":0,"68":0,"69":0,"70":0,"71":0,"72":0,"73":0,"74":0,"75":0,"76":0,"77":0,"78":0,"79":0,"80":0},"b":{"0":[2,2],"1":[2,2],"2":[3,0,0],"3":[3,0],"4":[0,0],"5":[0,0],"6":[0,0],"7":[0,0],"8":[0,0],"9":[0,0],"10":[0,0],"11":[0,0],"12":[0,0,0],"13":[0,0],"14":[0,0],"15":[0,0],"16":[0,0],"17":[0,0],"18":[0,0],"19":[0,0],"20":[0,0,0],"21":[0,0],"22":[0,0],"23":[0,0],"24":[0,0],"25":[0,0,0],"26":[0,0],"27":[0,0],"28":[0,0],"29":[0,0],"30":[0,0],"31":[2,1],"32":[0,1],"33":[0,0],"34":[0,0],"35":[0,0],"36":[1,0],"37":[0,0],"38":[0,1],"39":[0,0],"40":[0,0],"41":[0,0],"42":[0,0],"43":[0,0,0],"44":[0,0],"45":[0,0],"46":[0,0],"47":[0,0],"48":[0,0],"49":[0,0],"50":[0,0],"51":[0,0],"52":[0,0],"53":[0,0],"54":[0,0],"55":[0,0],"56":[0,0],"57":[0,0,0],"58":[0,0],"59":[0,0],"60":[0,0]},"_coverageSchema":"1a1c01bbd47fc00a2c39e90264f33305004495a9","hash":"8c71c24e1c97c0ce294344e39d9bc27e696ddead"}
}
