TN:
SF:src/App.js
FN:10,App
FN:40,(anonymous_1)
FN:50,(anonymous_2)
FN:53,(anonymous_3)
FN:56,(anonymous_4)
FN:67,(anonymous_5)
FN:82,(anonymous_6)
FN:92,(anonymous_7)
FN:108,(anonymous_8)
FN:119,(anonymous_9)
FN:131,(anonymous_10)
FN:143,(anonymous_11)
FN:179,(anonymous_12)
FN:183,(anonymous_13)
FN:183,(anonymous_14)
FN:190,(anonymous_15)
FN:201,(anonymous_16)
FN:211,(anonymous_17)
FN:212,(anonymous_18)
FN:215,(anonymous_19)
FN:216,(anonymous_20)
FN:217,(anonymous_21)
FN:219,(anonymous_22)
FN:225,(anonymous_23)
FN:226,(anonymous_24)
FN:226,(anonymous_25)
FN:242,(anonymous_26)
FN:255,(anonymous_27)
FN:259,(anonymous_28)
FN:265,(anonymous_29)
FN:266,(anonymous_30)
FN:269,(anonymous_31)
FN:275,(anonymous_32)
FN:304,(anonymous_33)
FN:312,(anonymous_34)
FN:318,(anonymous_35)
FN:318,(anonymous_36)
FN:325,(anonymous_37)
FN:337,(anonymous_38)
FN:338,(anonymous_39)
FN:358,(anonymous_40)
FN:365,(anonymous_41)
FN:383,(anonymous_42)
FN:391,(anonymous_43)
FN:397,(anonymous_44)
FN:403,(anonymous_45)
FN:421,(anonymous_46)
FN:429,(anonymous_47)
FN:433,(anonymous_48)
FN:448,(anonymous_49)
FN:479,(anonymous_50)
FN:489,(anonymous_51)
FN:490,(anonymous_52)
FN:491,(anonymous_53)
FN:505,(anonymous_54)
FN:510,(anonymous_55)
FN:511,(anonymous_56)
FN:512,(anonymous_57)
FN:525,(anonymous_58)
FN:530,(anonymous_59)
FN:531,(anonymous_60)
FN:532,(anonymous_61)
FN:603,(anonymous_62)
FN:622,(anonymous_63)
FN:632,(anonymous_64)
FN:647,(anonymous_65)
FN:676,(anonymous_66)
FN:692,(anonymous_67)
FN:704,(anonymous_68)
FN:706,(anonymous_69)
FN:727,(anonymous_70)
FN:730,(anonymous_71)
FN:735,(anonymous_72)
FN:741,(anonymous_73)
FN:747,(anonymous_74)
FN:751,(anonymous_75)
FN:768,(anonymous_76)
FN:783,(anonymous_77)
FN:785,(anonymous_78)
FN:798,(anonymous_79)
FN:807,(anonymous_80)
FNF:81
FNH:2
FNDA:3,App
FNDA:0,(anonymous_1)
FNDA:0,(anonymous_2)
FNDA:0,(anonymous_3)
FNDA:0,(anonymous_4)
FNDA:0,(anonymous_5)
FNDA:0,(anonymous_6)
FNDA:0,(anonymous_7)
FNDA:0,(anonymous_8)
FNDA:0,(anonymous_9)
FNDA:0,(anonymous_10)
FNDA:0,(anonymous_11)
FNDA:0,(anonymous_12)
FNDA:0,(anonymous_13)
FNDA:0,(anonymous_14)
FNDA:0,(anonymous_15)
FNDA:0,(anonymous_16)
FNDA:0,(anonymous_17)
FNDA:0,(anonymous_18)
FNDA:0,(anonymous_19)
FNDA:0,(anonymous_20)
FNDA:0,(anonymous_21)
FNDA:0,(anonymous_22)
FNDA:0,(anonymous_23)
FNDA:0,(anonymous_24)
FNDA:0,(anonymous_25)
FNDA:0,(anonymous_26)
FNDA:0,(anonymous_27)
FNDA:0,(anonymous_28)
FNDA:0,(anonymous_29)
FNDA:0,(anonymous_30)
FNDA:0,(anonymous_31)
FNDA:0,(anonymous_32)
FNDA:0,(anonymous_33)
FNDA:0,(anonymous_34)
FNDA:0,(anonymous_35)
FNDA:0,(anonymous_36)
FNDA:0,(anonymous_37)
FNDA:0,(anonymous_38)
FNDA:0,(anonymous_39)
FNDA:0,(anonymous_40)
FNDA:1,(anonymous_41)
FNDA:0,(anonymous_42)
FNDA:0,(anonymous_43)
FNDA:0,(anonymous_44)
FNDA:0,(anonymous_45)
FNDA:0,(anonymous_46)
FNDA:0,(anonymous_47)
FNDA:0,(anonymous_48)
FNDA:0,(anonymous_49)
FNDA:0,(anonymous_50)
FNDA:0,(anonymous_51)
FNDA:0,(anonymous_52)
FNDA:0,(anonymous_53)
FNDA:0,(anonymous_54)
FNDA:0,(anonymous_55)
FNDA:0,(anonymous_56)
FNDA:0,(anonymous_57)
FNDA:0,(anonymous_58)
FNDA:0,(anonymous_59)
FNDA:0,(anonymous_60)
FNDA:0,(anonymous_61)
FNDA:0,(anonymous_62)
FNDA:0,(anonymous_63)
FNDA:0,(anonymous_64)
FNDA:0,(anonymous_65)
FNDA:0,(anonymous_66)
FNDA:0,(anonymous_67)
FNDA:0,(anonymous_68)
FNDA:0,(anonymous_69)
FNDA:0,(anonymous_70)
FNDA:0,(anonymous_71)
FNDA:0,(anonymous_72)
FNDA:0,(anonymous_73)
FNDA:0,(anonymous_74)
FNDA:0,(anonymous_75)
FNDA:0,(anonymous_76)
FNDA:0,(anonymous_77)
FNDA:0,(anonymous_78)
FNDA:0,(anonymous_79)
FNDA:0,(anonymous_80)
DA:6,2
DA:8,2
DA:11,3
DA:12,3
DA:18,3
DA:20,3
DA:28,3
DA:29,3
DA:30,3
DA:32,3
DA:33,3
DA:34,3
DA:37,3
DA:40,3
DA:42,3
DA:43,3
DA:44,3
DA:46,3
DA:47,3
DA:48,3
DA:50,3
DA:51,0
DA:53,3
DA:54,0
DA:56,3
DA:57,0
DA:58,0
DA:59,0
DA:60,0
DA:62,0
DA:63,0
DA:67,3
DA:68,0
DA:69,0
DA:70,0
DA:71,0
DA:72,0
DA:73,0
DA:74,0
DA:75,0
DA:77,0
DA:78,0
DA:82,3
DA:83,0
DA:84,0
DA:85,0
DA:87,0
DA:88,0
DA:92,3
DA:93,0
DA:94,0
DA:98,0
DA:101,0
DA:103,0
DA:104,0
DA:108,3
DA:109,0
DA:110,0
DA:111,0
DA:112,0
DA:114,0
DA:115,0
DA:119,3
DA:120,0
DA:121,0
DA:122,0
DA:123,0
DA:124,0
DA:126,0
DA:127,0
DA:131,3
DA:132,0
DA:133,0
DA:134,0
DA:135,0
DA:136,0
DA:138,0
DA:139,0
DA:143,3
DA:144,0
DA:145,0
DA:147,0
DA:148,0
DA:149,0
DA:152,0
DA:153,0
DA:155,0
DA:156,0
DA:157,0
DA:160,0
DA:161,0
DA:169,0
DA:170,0
DA:171,0
DA:172,0
DA:174,0
DA:175,0
DA:179,3
DA:180,0
DA:181,0
DA:182,0
DA:183,0
DA:185,0
DA:186,0
DA:190,3
DA:191,0
DA:192,0
DA:193,0
DA:194,0
DA:196,0
DA:197,0
DA:201,3
DA:202,0
DA:203,0
DA:204,0
DA:205,0
DA:207,0
DA:208,0
DA:209,0
DA:211,0
DA:212,0
DA:215,0
DA:216,0
DA:217,0
DA:218,0
DA:219,0
DA:221,0
DA:225,0
DA:226,0
DA:229,0
DA:231,0
DA:234,0
DA:235,0
DA:236,0
DA:238,0
DA:242,3
DA:243,0
DA:244,0
DA:249,0
DA:250,0
DA:255,3
DA:256,0
DA:259,3
DA:260,0
DA:261,0
DA:262,0
DA:265,3
DA:266,0
DA:269,3
DA:270,0
DA:271,0
DA:272,0
DA:274,0
DA:275,0
DA:276,0
DA:277,0
DA:280,0
DA:281,0
DA:283,0
DA:284,0
DA:287,0
DA:295,0
DA:302,0
DA:304,0
DA:305,0
DA:306,0
DA:308,0
DA:312,3
DA:313,0
DA:314,0
DA:318,0
DA:320,0
DA:321,0
DA:325,3
DA:326,0
DA:327,0
DA:333,0
DA:334,0
DA:337,0
DA:338,0
DA:341,0
DA:342,0
DA:347,3
DA:348,2
DA:358,0
DA:365,1
DA:374,1
DA:375,0
DA:383,0
DA:391,0
DA:397,0
DA:403,0
DA:412,1
DA:413,1
DA:421,0
DA:429,0
DA:433,0
DA:441,0
DA:442,0
DA:448,0
DA:480,0
DA:489,0
DA:490,0
DA:491,0
DA:506,0
DA:510,0
DA:511,0
DA:512,0
DA:526,0
DA:530,0
DA:531,0
DA:532,0
DA:545,0
DA:546,0
DA:604,0
DA:622,0
DA:632,0
DA:639,0
DA:640,0
DA:648,0
DA:676,0
DA:683,0
DA:684,0
DA:693,0
DA:704,0
DA:706,0
DA:727,0
DA:731,0
DA:735,0
DA:741,0
DA:747,0
DA:751,0
DA:769,0
DA:784,0
DA:785,0
DA:798,0
DA:807,0
DA:813,0
LF:238
LH:46
BRDA:6,0,0,2
BRDA:6,0,1,2
BRDA:8,1,0,2
BRDA:8,1,1,2
BRDA:37,2,0,3
BRDA:37,2,1,0
BRDA:37,2,2,0
BRDA:40,3,0,3
BRDA:40,3,1,0
BRDA:63,4,0,0
BRDA:63,4,1,0
BRDA:78,5,0,0
BRDA:78,5,1,0
BRDA:104,6,0,0
BRDA:104,6,1,0
BRDA:115,7,0,0
BRDA:115,7,1,0
BRDA:120,8,0,0
BRDA:120,8,1,0
BRDA:127,9,0,0
BRDA:127,9,1,0
BRDA:144,10,0,0
BRDA:144,10,1,0
BRDA:147,11,0,0
BRDA:147,11,1,0
BRDA:147,12,0,0
BRDA:147,12,1,0
BRDA:147,12,2,0
BRDA:155,13,0,0
BRDA:155,13,1,0
BRDA:180,14,0,0
BRDA:180,14,1,0
BRDA:207,15,0,0
BRDA:207,15,1,0
BRDA:218,16,0,0
BRDA:218,16,1,0
BRDA:219,17,0,0
BRDA:219,17,1,0
BRDA:226,18,0,0
BRDA:226,18,1,0
BRDA:243,19,0,0
BRDA:243,19,1,0
BRDA:243,20,0,0
BRDA:243,20,1,0
BRDA:243,20,2,0
BRDA:270,21,0,0
BRDA:270,21,1,0
BRDA:271,22,0,0
BRDA:271,22,1,0
BRDA:272,23,0,0
BRDA:272,23,1,0
BRDA:276,24,0,0
BRDA:276,24,1,0
BRDA:276,25,0,0
BRDA:276,25,1,0
BRDA:276,25,2,0
BRDA:283,26,0,0
BRDA:283,26,1,0
BRDA:302,27,0,0
BRDA:302,27,1,0
BRDA:333,28,0,0
BRDA:333,28,1,0
BRDA:338,29,0,0
BRDA:338,29,1,0
BRDA:342,30,0,0
BRDA:342,30,1,0
BRDA:347,31,0,2
BRDA:347,31,1,1
BRDA:374,32,0,0
BRDA:374,32,1,1
BRDA:383,33,0,0
BRDA:383,33,1,0
BRDA:387,34,0,0
BRDA:387,34,1,0
BRDA:391,35,0,0
BRDA:391,35,1,0
BRDA:412,36,0,1
BRDA:412,36,1,0
BRDA:421,37,0,0
BRDA:421,37,1,0
BRDA:425,38,0,0
BRDA:425,38,1,1
BRDA:429,39,0,0
BRDA:429,39,1,0
BRDA:441,40,0,0
BRDA:441,40,1,0
BRDA:475,41,0,0
BRDA:475,41,1,0
BRDA:501,42,0,0
BRDA:501,42,1,0
BRDA:521,43,0,0
BRDA:521,43,1,0
BRDA:521,43,2,0
BRDA:545,44,0,0
BRDA:545,44,1,0
BRDA:550,45,0,0
BRDA:550,45,1,0
BRDA:599,46,0,0
BRDA:599,46,1,0
BRDA:619,47,0,0
BRDA:619,47,1,0
BRDA:639,48,0,0
BRDA:639,48,1,0
BRDA:643,49,0,0
BRDA:643,49,1,0
BRDA:683,50,0,0
BRDA:683,50,1,0
BRDA:689,51,0,0
BRDA:689,51,1,0
BRDA:700,52,0,0
BRDA:700,52,1,0
BRDA:706,53,0,0
BRDA:706,53,1,0
BRDA:720,54,0,0
BRDA:720,54,1,0
BRDA:765,55,0,0
BRDA:765,55,1,0
BRDA:770,56,0,0
BRDA:770,56,1,0
BRDA:772,57,0,0
BRDA:772,57,1,0
BRDA:772,57,2,0
BRDA:782,58,0,0
BRDA:782,58,1,0
BRDA:790,59,0,0
BRDA:790,59,1,0
BRDA:795,60,0,0
BRDA:795,60,1,0
BRF:128
BRH:11
end_of_record
